Virtual User Script started at : 2016-09-24 01:22:16	[MsgId: MMSG-205068]
TruClient Replay for LoadRunner 12.53.0, build 1203. OS: Windows 2008 R2, Browser: Firefox, initialized on 2016/09/24 at 01:22:13 (0000.000s)
	[MsgId: MMSG-204898]
Selected Run-Time Settings:	[MsgId: MMSG-204896]
    Simulate a new user on each iteration...............: 0	[MsgId: MMSG-204894]
    Using system proxy settings	[MsgId: MMSG-204891]
    Check for newer versions of stored pages: 4 (Automatically)	[MsgId: MMSG-204880]
    Keep-Alive..........................................: 1	[MsgId: MMSG-204875]
    Proxy Keep-Alive....................................: 1	[MsgId: MMSG-204874]
    Keep-Alive timeout (ms).............................: 60000	[MsgId: MMSG-204873]
    HTTP Version........................................: 1.1	[MsgId: MMSG-204871]
    Proxy HTTP Version..................................: 1.1	[MsgId: MMSG-204870]
    DNS cache entries...................................: 20	[MsgId: MMSG-204868]
    Run-Time Settings file..............................: "C:\Users\qtpuser1\AppData\Local\Temp\2\lr5tmpdirld0.986\lrcfgeXu.997\cfg95i.8"	[MsgId: MMSG-204867]
    Vuser directory.....................................: "C:\Users\qtpuser1\AppData\Local\Temp\2\brr_uxz.3\Orchid_NewSubmission_Prod6\Orchid_NewSubmission_Prod1"	[MsgId: MMSG-204866]
    Vuser output directory..............................: "C:\Users\qtpuser1\AppData\Local\Temp\2\brr_uxz.3\Orchid_NewSubmission_Prod6\Orchid_NewSubmission_Prod1"	[MsgId: MMSG-204865]
End of selected Run-Time Settings
	[MsgId: MMSG-204895]
Please refer to the ReadMe file in the LoadRunner installation directory for notes about measurements and logging	[MsgId: MMSG-204864]
Running Vuser...	[MsgId: MMSG-205064]
Starting iteration 1.	[MsgId: MMSG-15968]
Notify: Transaction "Orchid_001_New_Submission - 01 - Navigate to Orchid PROD" started.	[MsgId: MMSG-16999]
t=00005191ms: ** 1: Navigate to "https://portal.orchidin...om/Default.aspx" ** started    [MsgId: MMSG-205180]	[MsgId: MMSG-205180]
t=00006831ms: ** 1: Navigate to https://portal.orchidins...com/Default.aspx ** successfully completed with end event 'Document Loaded'    [MsgId: MMSG-205180]	[MsgId: MMSG-205180]
Notify: Transaction "Orchid_001_New_Submission - 01 - Navigate to Orchid PROD" ended with a "Pass" status (Duration: 1.6420 Wasted Time: 0.2110).	[MsgId: MMSG-16871]
t=00007356ms: ** 3: Click on E mail * textbox ** started    [MsgId: MMSG-205180]	[MsgId: MMSG-205180]
t=00007609ms: ** 3: Click on E mail * textbox ** successfully completed with end event 'Action completed'    [MsgId: MMSG-205180]	[MsgId: MMSG-205180]
t=00008141ms: ** 4: Type perfuser1@oceanwide.com in E mail * textbox ** started    [MsgId: MMSG-205180]	[MsgId: MMSG-205180]
t=00014443ms: ** 4: Type perfuser1@oceanwide.com in E mail * textbox ** successfully completed with end event 'Action completed'    [MsgId: MMSG-205180]	[MsgId: MMSG-205180]
t=00014985ms: ** 5: Type ************** in Password * passwordbox ** started    [MsgId: MMSG-205180]	[MsgId: MMSG-205180]
t=00018982ms: ** 5: Type ************** in Password * passwordbox ** successfully completed with end event 'Action completed'    [MsgId: MMSG-205180]	[MsgId: MMSG-205180]
Notify: Transaction "Orchid_001_New_Submission - 02 - Login to Orchid PROD" started.	[MsgId: MMSG-16999]
t=00019496ms: ** 6: Press Enter key on Password * passwordbox ** started    [MsgId: MMSG-205180]	[MsgId: MMSG-205180]
t=00021121ms: ** 6: Press Enter key on Password * passwordbox ** successfully completed with end event 'Step synchronous network completed'    [MsgId: MMSG-205180]	[MsgId: MMSG-205180]
Notify: Transaction "Orchid_001_New_Submission - 02 - Login to Orchid PROD" ended with a "Pass" status (Duration: 1.6270 Wasted Time: 0.2020).	[MsgId: MMSG-16871]
t=00021661ms: ** 7: Click on I Want To…  ** started    [MsgId: MMSG-205180]	[MsgId: MMSG-205180]
t=00021869ms: ** 7: Click on I Want To…  ** successfully completed with end event 'Action completed'    [MsgId: MMSG-205180]	[MsgId: MMSG-205180]
Notify: Transaction "Orchid_001_New_Submission - 03 - Click on Create New Quote" started.	[MsgId: MMSG-16999]
t=00022385ms: ** 8: Click on Create New Quote link ** started    [MsgId: MMSG-205180]	[MsgId: MMSG-205180]
t=00022446ms: ** 8: Click on Create New Quote link ** successfully completed with end event 'Action completed'    [MsgId: MMSG-205180]	[MsgId: MMSG-205180]
Notify: Transaction "Orchid_001_New_Submission - 03 - Click on Create New Quote" ended with a "Pass" status (Duration: 0.0670 Wasted Time: 0.0040).	[MsgId: MMSG-16871]
Notify: Transaction "Orchid_001_New_Submission - 04 - Select Agency" started.	[MsgId: MMSG-16999]
t=00022960ms: ** 9: Click on 1 Source Insurance Agency,... link ** started    [MsgId: MMSG-205180]	[MsgId: MMSG-205180]
t=00026924ms: ** 9: Click on 1 Source Insurance Agency,... link ** successfully completed with end event 'Step synchronous network completed'    [MsgId: MMSG-205180]	[MsgId: MMSG-205180]
Notify: Transaction "Orchid_001_New_Submission - 04 - Select Agency" ended with a "Pass" status (Duration: 3.9660 Wasted Time: 0.2030).	[MsgId: MMSG-16871]
Notify: Transaction "Orchid_001_New_Submission - 05 - Select Totally New Client" started.	[MsgId: MMSG-16999]
t=00027437ms: ** 11: Click on Totally New Client link ** started    [MsgId: MMSG-205180]	[MsgId: MMSG-205180]
t=00030330ms: ** 11: Click on Totally New Client link ** successfully completed with end event 'Document Loaded'    [MsgId: MMSG-205180]	[MsgId: MMSG-205180]
Notify: Transaction "Orchid_001_New_Submission - 05 - Select Totally New Client" ended with a "Pass" status (Duration: 2.8940 Wasted Time: 0.2040).	[MsgId: MMSG-16871]
t=00030866ms: ** 13: Click on link (1) image ** started    [MsgId: MMSG-205180]	[MsgId: MMSG-205180]
t=00031307ms: ** 13: Click on link (1) image ** successfully completed with end event 'Step synchronous network completed'    [MsgId: MMSG-205180]	[MsgId: MMSG-205180]
t=00031833ms: ** 14: Move mouse over September, 2016SuMoTuWeT...2345678Today:...  ** started    [MsgId: MMSG-205180]	[MsgId: MMSG-205180]
t=00032147ms: ** 14: Move mouse over September, 2016SuMoTuWeT...2345678Today:...  ** successfully completed with end event 'Action completed'    [MsgId: MMSG-205180]	[MsgId: MMSG-205180]
t=00032692ms: ** 15: Set Effective Date * datepicker to 30 ** started    [MsgId: MMSG-205180]	[MsgId: MMSG-205180]
t=00033093ms: ** 15: Set Effective Date * datepicker to 30 ** successfully completed with end event 'Timers Ended'    [MsgId: MMSG-205180]	[MsgId: MMSG-205180]
t=00033619ms: ** 17: Select Yes from YesYesNoNo radiogroup ** started    [MsgId: MMSG-205180]	[MsgId: MMSG-205180]
t=00033761ms: ** 17: Select Yes from YesYesNoNo radiogroup ** successfully completed with end event 'Action completed'    [MsgId: MMSG-205180]	[MsgId: MMSG-205180]
t=00034314ms: ** 20: Click on Please Select textbox ** started    [MsgId: MMSG-205180]	[MsgId: MMSG-205180]
t=00034760ms: ** 20: Click on Please Select textbox ** successfully completed with end event 'Step synchronous network completed'    [MsgId: MMSG-205180]	[MsgId: MMSG-205180]
t=00035281ms: ** 21: Type Computer  in Please Select textbox ** started    [MsgId: MMSG-205180]	[MsgId: MMSG-205180]
t=00038593ms: ** 21: Type Computer  in Please Select textbox ** successfully completed with end event 'Action completed'    [MsgId: MMSG-205180]	[MsgId: MMSG-205180]
t=00039134ms: ** 23: Select 11160 Computer Stores from Please Select autocomplete ** started    [MsgId: MMSG-205180]	[MsgId: MMSG-205180]
t=00039347ms: ** 23: Select 11160 Computer Stores from Please Select autocomplete ** successfully completed with end event 'Step synchronous network completed'    [MsgId: MMSG-205180]	[MsgId: MMSG-205180]
t=00039883ms: ** 26: Select Business Owner Policy from BOPBusiness Owner Policy...pertyMonoline... radiogroup ** started    [MsgId: MMSG-205180]	[MsgId: MMSG-205180]
t=00039951ms: ** 26: Select Business Owner Policy from BOPBusiness Owner Policy...pertyMonoline... radiogroup ** successfully completed with end event 'Action completed'    [MsgId: MMSG-205180]	[MsgId: MMSG-205180]
Notify: Transaction "Orchid_001_New_Submission - 06 - Click Save on Eligibility and Coverage Screen" started.	[MsgId: MMSG-16999]
t=00040465ms: ** 29: Click on Save button ** started    [MsgId: MMSG-205180]	[MsgId: MMSG-205180]
t=00043032ms: ** 29: Click on Save button ** successfully completed with end event 'Step synchronous network completed'    [MsgId: MMSG-205180]	[MsgId: MMSG-205180]
Notify: Transaction "Orchid_001_New_Submission - 06 - Click Save on Eligibility and Coverage Screen" ended with a "Pass" status (Duration: 2.5720 Wasted Time: 0.2430).	[MsgId: MMSG-16871]
t=00043038ms: ** 30: Mouse Over ** started    [MsgId: MMSG-205180]	[MsgId: MMSG-205180]
t=00043556ms: ** 30.2: Move mouse over FormInternalEnvelope  ** started    [MsgId: MMSG-205180]	[MsgId: MMSG-205180]
t=00043776ms: ** 30.2: Move mouse over FormInternalEnvelope  ** successfully completed with end event 'Action completed'    [MsgId: MMSG-205180]	[MsgId: MMSG-205180]
t=00043776ms: ** 30: Mouse Over ** successfully completed with end event 'Action completed'    [MsgId: MMSG-205180]	[MsgId: MMSG-205180]
Notify: Transaction "Orchid_001_New_Submission - 07 - Click Next on Elibility and Coverage Screen" started.	[MsgId: MMSG-16999]
t=00044286ms: ** 31: Click on > button ** started    [MsgId: MMSG-205180]	[MsgId: MMSG-205180]
t=00046738ms: ** 31: Click on > button ** successfully completed with end event 'Step synchronous network completed'    [MsgId: MMSG-205180]	[MsgId: MMSG-205180]
Notify: Transaction "Orchid_001_New_Submission - 07 - Click Next on Elibility and Coverage Screen" ended with a "Pass" status (Duration: 2.4540 Wasted Time: 0.2030).	[MsgId: MMSG-16871]
t=00047277ms: ** 33: Click on select  ** started    [MsgId: MMSG-205180]	[MsgId: MMSG-205180]
t=00047733ms: ** 33: Click on select  ** successfully completed with end event 'Step synchronous network completed'    [MsgId: MMSG-205180]	[MsgId: MMSG-205180]
t=00048286ms: ** 35: Select Corporation from Please Select listbox ** started    [MsgId: MMSG-205180]	[MsgId: MMSG-205180]
t=00048346ms: ** 35: Select Corporation from Please Select listbox ** successfully completed with end event 'Action completed'    [MsgId: MMSG-205180]	[MsgId: MMSG-205180]
t=00048885ms: ** 36: Click on Years in Business * textbox ** started    [MsgId: MMSG-205180]	[MsgId: MMSG-205180]
t=00049121ms: ** 36: Click on Years in Business * textbox ** successfully completed with end event 'Action completed'    [MsgId: MMSG-205180]	[MsgId: MMSG-205180]
t=00049664ms: ** 37: Type 5 in Years in Business * textbox ** started    [MsgId: MMSG-205180]	[MsgId: MMSG-205180]
t=00050261ms: ** 37: Type 5 in Years in Business * textbox ** successfully completed with end event 'Action completed'    [MsgId: MMSG-205180]	[MsgId: MMSG-205180]
t=00050788ms: ** 39: Select Owner from radiogroup (1) radiogroup ** started    [MsgId: MMSG-205180]	[MsgId: MMSG-205180]
t=00050952ms: ** 39: Select Owner from radiogroup (1) radiogroup ** successfully completed with end event 'Action completed'    [MsgId: MMSG-205180]	[MsgId: MMSG-205180]
Notify: Transaction "Orchid_001_New_Submission - 08 - Click Save on General Information Screen" started.	[MsgId: MMSG-16999]
t=00051463ms: ** 41: Click on Save button ** started    [MsgId: MMSG-205180]	[MsgId: MMSG-205180]
t=00053724ms: ** 41: Click on Save button ** successfully completed with end event 'Step synchronous network completed'    [MsgId: MMSG-205180]	[MsgId: MMSG-205180]
Notify: Transaction "Orchid_001_New_Submission - 08 - Click Save on General Information Screen" ended with a "Pass" status (Duration: 2.2640 Wasted Time: 0.2030).	[MsgId: MMSG-16871]
Notify: Transaction "Orchid_001_New_Submission - 09 - Click Next on General Information Screen" started.	[MsgId: MMSG-16999]
t=00054239ms: ** 43: Click on > button ** started    [MsgId: MMSG-205180]	[MsgId: MMSG-205180]
t=00056192ms: ** 43: Click on > button ** successfully completed with end event 'Step synchronous network completed'    [MsgId: MMSG-205180]	[MsgId: MMSG-205180]
Notify: Transaction "Orchid_001_New_Submission - 09 - Click Next on General Information Screen" ended with a "Pass" status (Duration: 1.9560 Wasted Time: 0.2030).	[MsgId: MMSG-16871]
Notify: Transaction "Orchid_001_New_Submission - 10 - Click Add on Location Grid" started.	[MsgId: MMSG-16999]
t=00056705ms: ** 44: Click on Add button ** started    [MsgId: MMSG-205180]	[MsgId: MMSG-205180]
t=00057266ms: ** 44: Click on Add button ** successfully completed with end event 'Action completed'    [MsgId: MMSG-205180]	[MsgId: MMSG-205180]
Notify: Transaction "Orchid_001_New_Submission - 10 - Click Add on Location Grid" ended with a "Pass" status (Duration: 0.5640 Wasted Time: 0.2050).	[MsgId: MMSG-16871]
t=00057781ms: ** 46: Select Yes from Same as Mailing Address radiogroup ** started    [MsgId: MMSG-205180]	[MsgId: MMSG-205180]
t=00058921ms: ** 46: Select Yes from Same as Mailing Address radiogroup ** successfully completed with end event 'Action completed'    [MsgId: MMSG-205180]	[MsgId: MMSG-205180]
Notify: Transaction "Orchid_001_New_Submission - 11 - Click Save and Close on Location Information Modal" started.	[MsgId: MMSG-16999]
t=00059434ms: ** 48: Click on Save & Close button ** started    [MsgId: MMSG-205180]	[MsgId: MMSG-205180]
t=00060900ms: ** 48: Click on Save & Close button ** successfully completed with end event 'Step synchronous network completed'    [MsgId: MMSG-205180]	[MsgId: MMSG-205180]
Notify: Transaction "Orchid_001_New_Submission - 11 - Click Save and Close on Location Information Modal" ended with a "Pass" status (Duration: 1.4680 Wasted Time: 0.2030).	[MsgId: MMSG-16871]
Notify: Transaction "Orchid_001_New_Submission - 12 - Click Save on Location Screen" started.	[MsgId: MMSG-16999]
t=00061414ms: ** 50: Click on Save button ** started    [MsgId: MMSG-205180]	[MsgId: MMSG-205180]
t=00063517ms: ** 50: Click on Save button ** successfully completed with end event 'Step synchronous network completed'    [MsgId: MMSG-205180]	[MsgId: MMSG-205180]
Notify: Transaction "Orchid_001_New_Submission - 12 - Click Save on Location Screen" ended with a "Pass" status (Duration: 2.1070 Wasted Time: 0.2440).	[MsgId: MMSG-16871]
Notify: Transaction "Orchid_001_New_Submission - 13 - Click Next on Location Screen" started.	[MsgId: MMSG-16999]
t=00064038ms: ** 51: Click on > button ** started    [MsgId: MMSG-205180]	[MsgId: MMSG-205180]
t=00066095ms: ** 51: Click on > button ** successfully completed with end event 'Step synchronous network completed'    [MsgId: MMSG-205180]	[MsgId: MMSG-205180]
Notify: Transaction "Orchid_001_New_Submission - 13 - Click Next on Location Screen" ended with a "Pass" status (Duration: 2.0600 Wasted Time: 0.2030).	[MsgId: MMSG-16871]
Notify: Transaction "Orchid_001_New_Submission - 14 - Click Add on Building Screen" started.	[MsgId: MMSG-16999]
t=00066612ms: ** 53: Click on Add button ** started    [MsgId: MMSG-205180]	[MsgId: MMSG-205180]
t=00069605ms: ** 53: Click on Add button ** successfully completed with end event 'Step synchronous network completed'    [MsgId: MMSG-205180]	[MsgId: MMSG-205180]
Notify: Transaction "Orchid_001_New_Submission - 14 - Click Add on Building Screen" ended with a "Pass" status (Duration: 2.9970 Wasted Time: 0.2020).	[MsgId: MMSG-16871]
t=00070131ms: ** 54: Click on Please Select textbox ** started    [MsgId: MMSG-205180]	[MsgId: MMSG-205180]
t=00070573ms: ** 54: Click on Please Select textbox ** successfully completed with end event 'Step synchronous network completed'    [MsgId: MMSG-205180]	[MsgId: MMSG-205180]
t=00071114ms: ** 56: Click on 1 gridcell ** started    [MsgId: MMSG-205180]	[MsgId: MMSG-205180]
t=00071418ms: ** 56: Click on 1 gridcell ** successfully completed with end event 'Step synchronous network completed'    [MsgId: MMSG-205180]	[MsgId: MMSG-205180]
t=00071957ms: ** 58: Click on Building # * textbox ** started    [MsgId: MMSG-205180]	[MsgId: MMSG-205180]
t=00072274ms: ** 58: Click on Building # * textbox ** successfully completed with end event 'Action completed'    [MsgId: MMSG-205180]	[MsgId: MMSG-205180]
t=00072816ms: ** 59: Type 1 in Building # * textbox ** started    [MsgId: MMSG-205180]	[MsgId: MMSG-205180]
t=00073317ms: ** 59: Type 1 in Building # * textbox ** successfully completed with end event 'Action completed'    [MsgId: MMSG-205180]	[MsgId: MMSG-205180]
t=00073860ms: ** 60: Click on Building Limit textbox ** started    [MsgId: MMSG-205180]	[MsgId: MMSG-205180]
t=00074284ms: ** 60: Click on Building Limit textbox ** successfully completed with end event 'Action completed'    [MsgId: MMSG-205180]	[MsgId: MMSG-205180]
t=00074817ms: ** 61: Type 1000000 in Building Limit textbox ** started    [MsgId: MMSG-205180]	[MsgId: MMSG-205180]
t=00077092ms: ** 61: Type 1000000 in Building Limit textbox ** successfully completed with end event 'Action completed'    [MsgId: MMSG-205180]	[MsgId: MMSG-205180]
t=00077635ms: ** 62: Click on BPP Limit textbox ** started    [MsgId: MMSG-205180]	[MsgId: MMSG-205180]
t=00078076ms: ** 62: Click on BPP Limit textbox ** successfully completed with end event 'Action completed'    [MsgId: MMSG-205180]	[MsgId: MMSG-205180]
t=00078602ms: ** 63: Type 50000 in BPP Limit textbox ** started    [MsgId: MMSG-205180]	[MsgId: MMSG-205180]
t=00080140ms: ** 63: Type 50000 in BPP Limit textbox ** successfully completed with end event 'Action completed'    [MsgId: MMSG-205180]	[MsgId: MMSG-205180]
t=00080675ms: ** 65: Click on BI Limit textbox ** started    [MsgId: MMSG-205180]	[MsgId: MMSG-205180]
t=00081056ms: ** 65: Click on BI Limit textbox ** successfully completed with end event 'Action completed'    [MsgId: MMSG-205180]	[MsgId: MMSG-205180]
t=00081582ms: ** 66: Type 50000 in BI Limit textbox ** started    [MsgId: MMSG-205180]	[MsgId: MMSG-205180]
t=00083597ms: ** 66: Type 50000 in BI Limit textbox ** successfully completed with end event 'Action completed'    [MsgId: MMSG-205180]	[MsgId: MMSG-205180]
t=00084140ms: ** 68: Select 1/3 from BI Limit of Indemnity listbox ** started    [MsgId: MMSG-205180]	[MsgId: MMSG-205180]
t=00084315ms: ** 68: Select 1/3 from BI Limit of Indemnity listbox ** successfully completed with end event 'Action completed'    [MsgId: MMSG-205180]	[MsgId: MMSG-205180]
t=00084858ms: ** 70: Select $1 000 from AOP Deductible * listbox ** started    [MsgId: MMSG-205180]	[MsgId: MMSG-205180]
t=00084927ms: ** 70: Select $1 000 from AOP Deductible * listbox ** successfully completed with end event 'Action completed'    [MsgId: MMSG-205180]	[MsgId: MMSG-205180]
t=00084930ms: ** 71: Mouse Over ** started    [MsgId: MMSG-205180]	[MsgId: MMSG-205180]
t=00085467ms: ** 71.3: Move mouse over Please Select   select gridcell ** started    [MsgId: MMSG-205180]	[MsgId: MMSG-205180]
t=00085706ms: ** 71.3: Move mouse over Please Select   select gridcell ** successfully completed with end event 'Action completed'    [MsgId: MMSG-205180]	[MsgId: MMSG-205180]
t=00085706ms: ** 71: Mouse Over ** successfully completed with end event 'Action completed'    [MsgId: MMSG-205180]	[MsgId: MMSG-205180]
t=00086231ms: ** 80: Select 1 from Protection Class listbox ** started    [MsgId: MMSG-205180]	[MsgId: MMSG-205180]
t=00086363ms: ** 80: Select 1 from Protection Class listbox ** successfully completed with end event 'Action completed'    [MsgId: MMSG-205180]	[MsgId: MMSG-205180]
t=00086891ms: ** 82: Click on Year Built textbox ** started    [MsgId: MMSG-205180]	[MsgId: MMSG-205180]
t=00087170ms: ** 82: Click on Year Built textbox ** successfully completed with end event 'Action completed'    [MsgId: MMSG-205180]	[MsgId: MMSG-205180]
t=00087713ms: ** 83: Type 2010 in Year Built textbox ** started    [MsgId: MMSG-205180]	[MsgId: MMSG-205180]
t=00089152ms: ** 83: Type 2010 in Year Built textbox ** successfully completed with end event 'Action completed'    [MsgId: MMSG-205180]	[MsgId: MMSG-205180]
t=00089678ms: ** 85: Select Fire-Resistive from Construction Type * listbox ** started    [MsgId: MMSG-205180]	[MsgId: MMSG-205180]
t=00089931ms: ** 85: Select Fire-Resistive from Construction Type * listbox ** successfully completed with end event 'Action completed'    [MsgId: MMSG-205180]	[MsgId: MMSG-205180]
t=00090466ms: ** 87: Click on Sq. Feet * textbox ** started    [MsgId: MMSG-205180]	[MsgId: MMSG-205180]
t=00090758ms: ** 87: Click on Sq. Feet * textbox ** successfully completed with end event 'Action completed'    [MsgId: MMSG-205180]	[MsgId: MMSG-205180]
t=00091294ms: ** 88: Type 100000 in Sq. Feet * textbox ** started    [MsgId: MMSG-205180]	[MsgId: MMSG-205180]
t=00093471ms: ** 88: Type 100000 in Sq. Feet * textbox ** successfully completed with end event 'Action completed'    [MsgId: MMSG-205180]	[MsgId: MMSG-205180]
t=00094016ms: ** 90: Click on # of Stories * textbox ** started    [MsgId: MMSG-205180]	[MsgId: MMSG-205180]
t=00094442ms: ** 90: Click on # of Stories * textbox ** successfully completed with end event 'Action completed'    [MsgId: MMSG-205180]	[MsgId: MMSG-205180]
t=00094967ms: ** 91: Click on # of Stories * textbox ** started    [MsgId: MMSG-205180]	[MsgId: MMSG-205180]
t=00095268ms: ** 91: Click on # of Stories * textbox ** successfully completed with end event 'Action completed'    [MsgId: MMSG-205180]	[MsgId: MMSG-205180]
t=00095809ms: ** 92: Type 2 in # of Stories * textbox ** started    [MsgId: MMSG-205180]	[MsgId: MMSG-205180]
t=00096295ms: ** 92: Type 2 in # of Stories * textbox ** successfully completed with end event 'Action completed'    [MsgId: MMSG-205180]	[MsgId: MMSG-205180]
t=00096841ms: ** 94: Select Concrete fill from Roofing Covering Type * listbox ** started    [MsgId: MMSG-205180]	[MsgId: MMSG-205180]
t=00097150ms: ** 94: Select Concrete fill from Roofing Covering Type * listbox ** successfully completed with end event 'Action completed'    [MsgId: MMSG-205180]	[MsgId: MMSG-205180]
t=00097671ms: ** 96: Select Gable (high pitch >30 degrees) from Roof Shape * listbox ** started    [MsgId: MMSG-205180]	[MsgId: MMSG-205180]
t=00097885ms: ** 96: Select Gable (high pitch >30 degrees) from Roof Shape * listbox ** successfully completed with end event 'Action completed'    [MsgId: MMSG-205180]	[MsgId: MMSG-205180]
t=00098431ms: ** 98: Select Less Than 1000 Feet from Distance to Coast * listbox ** started    [MsgId: MMSG-205180]	[MsgId: MMSG-205180]
t=00098546ms: ** 98: Select Less Than 1000 Feet from Distance to Coast * listbox ** successfully completed with end event 'Action completed'    [MsgId: MMSG-205180]	[MsgId: MMSG-205180]
t=00099087ms: ** 105: Select 1% from Hurricane/Named Storm... listbox ** started    [MsgId: MMSG-205180]	[MsgId: MMSG-205180]
t=00099183ms: ** 105: Select 1% from Hurricane/Named Storm... listbox ** successfully completed with end event 'Action completed'    [MsgId: MMSG-205180]	[MsgId: MMSG-205180]
t=00099715ms: ** 107: Click on Central Station Fire Alarm radiogroup ** started    [MsgId: MMSG-205180]	[MsgId: MMSG-205180]
t=00100016ms: ** 107: Click on Central Station Fire Alarm radiogroup ** successfully completed with end event 'Action completed'    [MsgId: MMSG-205180]	[MsgId: MMSG-205180]
Notify: Transaction "Orchid_001_New_Submission - 15 - Click Save and Close on Building Information Tab" started.	[MsgId: MMSG-16999]
t=00100526ms: ** 116: Click on Save & Close button ** started    [MsgId: MMSG-205180]	[MsgId: MMSG-205180]
t=00103632ms: ** 116: Click on Save & Close button ** successfully completed with end event 'Step synchronous network completed'    [MsgId: MMSG-205180]	[MsgId: MMSG-205180]
Notify: Transaction "Orchid_001_New_Submission - 15 - Click Save and Close on Building Information Tab" ended with a "Pass" status (Duration: 3.1080 Wasted Time: 0.2020).	[MsgId: MMSG-16871]
Notify: Transaction "Orchid_001_New_Submission - 16 - Click Save on Buildings Screen" started.	[MsgId: MMSG-16999]
t=00104144ms: ** 121: Click on Save button ** started    [MsgId: MMSG-205180]	[MsgId: MMSG-205180]
t=00104597ms: ** 121: Click on Save button ** successfully completed with end event 'Timers Ended'    [MsgId: MMSG-205180]	[MsgId: MMSG-205180]
Notify: Transaction "Orchid_001_New_Submission - 16 - Click Save on Buildings Screen" ended with a "Pass" status (Duration: 0.4550 Wasted Time: 0.2130).	[MsgId: MMSG-16871]
Notify: Transaction "Orchid_001_New_Submission - 17 - Click Next on Buildings Screen" started.	[MsgId: MMSG-16999]
t=00105260ms: ** 123: Click on > button ** started    [MsgId: MMSG-205180]	[MsgId: MMSG-205180]
t=00108357ms: ** 123: Click on > button ** successfully completed with end event 'Step synchronous network completed'    [MsgId: MMSG-205180]	[MsgId: MMSG-205180]
Notify: Transaction "Orchid_001_New_Submission - 17 - Click Next on Buildings Screen" ended with a "Pass" status (Duration: 3.1000 Wasted Time: 0.2020).	[MsgId: MMSG-16871]
t=00108889ms: ** 124: Click on Please Select textbox ** started    [MsgId: MMSG-205180]	[MsgId: MMSG-205180]
t=00109370ms: ** 124: Click on Please Select textbox ** successfully completed with end event 'Step synchronous network completed'    [MsgId: MMSG-205180]	[MsgId: MMSG-205180]
t=00109913ms: ** 126: Select $1 000 000 from Please Select listbox ** started    [MsgId: MMSG-205180]	[MsgId: MMSG-205180]
t=00110105ms: ** 126: Select $1 000 000 from Please Select listbox ** successfully completed with end event 'Step synchronous network completed'    [MsgId: MMSG-205180]	[MsgId: MMSG-205180]
Notify: Transaction "Orchid_001_New_Submission - 18 - Click Add on Schedule of Hazards to add class code" started.	[MsgId: MMSG-16999]
t=00110618ms: ** 128: Click on Add button ** started    [MsgId: MMSG-205180]	[MsgId: MMSG-205180]
t=00112089ms: ** 128: Click on Add button ** successfully completed with end event 'Step synchronous network completed'    [MsgId: MMSG-205180]	[MsgId: MMSG-205180]
Notify: Transaction "Orchid_001_New_Submission - 18 - Click Add on Schedule of Hazards to add class code" ended with a "Pass" status (Duration: 1.4720 Wasted Time: 0.2100).	[MsgId: MMSG-16871]
t=00112600ms: ** 130: Click on Please Select textbox ** started    [MsgId: MMSG-205180]	[MsgId: MMSG-205180]
t=00113083ms: ** 130: Click on Please Select textbox ** successfully completed with end event 'Step synchronous network completed'    [MsgId: MMSG-205180]	[MsgId: MMSG-205180]
t=00113611ms: ** 132: Click on 1 gridcell ** started    [MsgId: MMSG-205180]	[MsgId: MMSG-205180]
t=00113800ms: ** 132: Click on 1 gridcell ** successfully completed with end event 'Step synchronous network completed'    [MsgId: MMSG-205180]	[MsgId: MMSG-205180]
t=00113801ms: ** 133: Mouse Over ** started    [MsgId: MMSG-205180]	[MsgId: MMSG-205180]
t=00114327ms: ** 133.3: Move mouse over Please Select gridcell ** started    [MsgId: MMSG-205180]	[MsgId: MMSG-205180]
t=00114570ms: ** 133.3: Move mouse over Please Select gridcell ** successfully completed with end event 'Action completed'    [MsgId: MMSG-205180]	[MsgId: MMSG-205180]
t=00114571ms: ** 133: Mouse Over ** successfully completed with end event 'Action completed'    [MsgId: MMSG-205180]	[MsgId: MMSG-205180]
t=00115108ms: ** 134: Click on Please Select textbox ** started    [MsgId: MMSG-205180]	[MsgId: MMSG-205180]
t=00115517ms: ** 134: Click on Please Select textbox ** successfully completed with end event 'Step synchronous network completed'    [MsgId: MMSG-205180]	[MsgId: MMSG-205180]
t=00116059ms: ** 136: Type 11160 in Please Select textbox ** started    [MsgId: MMSG-205180]	[MsgId: MMSG-205180]
t=00117551ms: ** 136: Type 11160 in Please Select textbox ** successfully completed with end event 'Action completed'    [MsgId: MMSG-205180]	[MsgId: MMSG-205180]
t=00118087ms: ** 138: Click on Computer Stores gridcell ** started    [MsgId: MMSG-205180]	[MsgId: MMSG-205180]
t=00118249ms: ** 138: Click on Computer Stores gridcell ** successfully completed with end event 'Step synchronous network completed'    [MsgId: MMSG-205180]	[MsgId: MMSG-205180]
t=00118761ms: ** 139: Click on Exposure * textbox ** started    [MsgId: MMSG-205180]	[MsgId: MMSG-205180]
t=00119063ms: ** 139: Click on Exposure * textbox ** successfully completed with end event 'Action completed'    [MsgId: MMSG-205180]	[MsgId: MMSG-205180]
t=00119585ms: ** 140: Type 100000 in Exposure * textbox ** started    [MsgId: MMSG-205180]	[MsgId: MMSG-205180]
t=00121176ms: ** 140: Type 100000 in Exposure * textbox ** successfully completed with end event 'Action completed'    [MsgId: MMSG-205180]	[MsgId: MMSG-205180]
Notify: Transaction "Orchid_001_New_Submission - 19 - Click Save and Close on Schedule of Hazards Modal" started.	[MsgId: MMSG-16999]
t=00121684ms: ** 142: Click on Save & Close button ** started    [MsgId: MMSG-205180]	[MsgId: MMSG-205180]
t=00123114ms: ** 142: Click on Save & Close button ** successfully completed with end event 'Step synchronous network completed'    [MsgId: MMSG-205180]	[MsgId: MMSG-205180]
Notify: Transaction "Orchid_001_New_Submission - 19 - Click Save and Close on Schedule of Hazards Modal" ended with a "Pass" status (Duration: 1.4320 Wasted Time: 0.2020).	[MsgId: MMSG-16871]
Notify: Transaction "Orchid_001_New_Submission - 20 - Click Save on General Liability Screen" started.	[MsgId: MMSG-16999]
t=00123630ms: ** 144: Click on Save button ** started    [MsgId: MMSG-205180]	[MsgId: MMSG-205180]
t=00125798ms: ** 144: Click on Save button ** successfully completed with end event 'Step synchronous network completed'    [MsgId: MMSG-205180]	[MsgId: MMSG-205180]
Notify: Transaction "Orchid_001_New_Submission - 20 - Click Save on General Liability Screen" ended with a "Pass" status (Duration: 2.1700 Wasted Time: 0.2020).	[MsgId: MMSG-16871]
Notify: Transaction "Orchid_001_New_Submission - 21 - Click Next on General Liability Screen" started.	[MsgId: MMSG-16999]
t=00126313ms: ** 145: Click on > button ** started    [MsgId: MMSG-205180]	[MsgId: MMSG-205180]
t=00129073ms: ** 145: Click on > button ** successfully completed with end event 'Step synchronous network completed'    [MsgId: MMSG-205180]	[MsgId: MMSG-205180]
Notify: Transaction "Orchid_001_New_Submission - 21 - Click Next on General Liability Screen" ended with a "Pass" status (Duration: 2.7650 Wasted Time: 0.2030).	[MsgId: MMSG-16871]
t=00129087ms: ** 146: Mouse Over ** started    [MsgId: MMSG-205180]	[MsgId: MMSG-205180]
t=00129608ms: ** 146.2: Move mouse over HomePoliciesClientsProduct...  ** started    [MsgId: MMSG-205180]	[MsgId: MMSG-205180]
t=00129826ms: ** 146.2: Move mouse over HomePoliciesClientsProduct...  ** successfully completed with end event 'Action completed'    [MsgId: MMSG-205180]	[MsgId: MMSG-205180]
t=00129827ms: ** 146: Mouse Over ** successfully completed with end event 'Action completed'    [MsgId: MMSG-205180]	[MsgId: MMSG-205180]
t=00130364ms: ** 147: Select No from Terrorism radiogroup ** started    [MsgId: MMSG-205180]	[MsgId: MMSG-205180]
t=00130514ms: ** 147: Select No from Terrorism radiogroup ** successfully completed with end event 'Action completed'    [MsgId: MMSG-205180]	[MsgId: MMSG-205180]
t=00131067ms: ** 148: Click on # of Employees (Full... textbox ** started    [MsgId: MMSG-205180]	[MsgId: MMSG-205180]
t=00131352ms: ** 148: Click on # of Employees (Full... textbox ** successfully completed with end event 'Action completed'    [MsgId: MMSG-205180]	[MsgId: MMSG-205180]
t=00131878ms: ** 149: Type 10 in # of Employees (Full... textbox ** started    [MsgId: MMSG-205180]	[MsgId: MMSG-205180]
t=00132569ms: ** 149: Type 10 in # of Employees (Full... textbox ** successfully completed with end event 'Action completed'    [MsgId: MMSG-205180]	[MsgId: MMSG-205180]
t=00132570ms: ** 150: Mouse Over ** started    [MsgId: MMSG-205180]	[MsgId: MMSG-205180]
t=00133110ms: ** 150.4: Move mouse over Please Select gridcell ** started    [MsgId: MMSG-205180]	[MsgId: MMSG-205180]
t=00133461ms: ** 150.4: Move mouse over Please Select gridcell ** successfully completed with end event 'Action completed'    [MsgId: MMSG-205180]	[MsgId: MMSG-205180]
t=00133462ms: ** 150: Mouse Over ** successfully completed with end event 'Action completed'    [MsgId: MMSG-205180]	[MsgId: MMSG-205180]
t=00134015ms: ** 151: Click on Employee Benefits Limit textbox ** started    [MsgId: MMSG-205180]	[MsgId: MMSG-205180]
t=00134643ms: ** 151: Click on Employee Benefits Limit textbox ** successfully completed with end event 'Step synchronous network completed'    [MsgId: MMSG-205180]	[MsgId: MMSG-205180]
t=00135185ms: ** 152: Move mouse over Limit None $25 000 /...  ** started    [MsgId: MMSG-205180]	[MsgId: MMSG-205180]
t=00135438ms: ** 152: Move mouse over Limit None $25 000 /...  ** successfully completed with end event 'Action completed'    [MsgId: MMSG-205180]	[MsgId: MMSG-205180]
t=00135965ms: ** 153: Select $25 000 / $25 000 from Employee Benefit Drop Down List listbox ** started    [MsgId: MMSG-205180]	[MsgId: MMSG-205180]
t=00136165ms: ** 153: Select $25 000 / $25 000 from Employee Benefit Drop Down List listbox ** successfully completed with end event 'Step synchronous network completed'    [MsgId: MMSG-205180]	[MsgId: MMSG-205180]
t=00136682ms: ** 156: Select Yes from personnel familiar? radiogroup ** started    [MsgId: MMSG-205180]	[MsgId: MMSG-205180]
t=00136815ms: ** 156: Select Yes from personnel familiar? radiogroup ** successfully completed with end event 'Action completed'    [MsgId: MMSG-205180]	[MsgId: MMSG-205180]
t=00137353ms: ** 157: Select Yes from programs in compliance with Cobra? radiogroup ** started    [MsgId: MMSG-205180]	[MsgId: MMSG-205180]
t=00137454ms: ** 157: Select Yes from programs in compliance with Cobra? radiogroup ** successfully completed with end event 'Action completed'    [MsgId: MMSG-205180]	[MsgId: MMSG-205180]
t=00137977ms: ** 159: Select Yes from optional employee benefits radiogroup ** started    [MsgId: MMSG-205180]	[MsgId: MMSG-205180]
t=00138108ms: ** 159: Select Yes from optional employee benefits radiogroup ** successfully completed with end event 'Action completed'    [MsgId: MMSG-205180]	[MsgId: MMSG-205180]
t=00138633ms: ** 161: Click on Employee Dishonesty Limit textbox ** started    [MsgId: MMSG-205180]	[MsgId: MMSG-205180]
t=00139120ms: ** 161: Click on Employee Dishonesty Limit textbox ** successfully completed with end event 'Step synchronous network completed'    [MsgId: MMSG-205180]	[MsgId: MMSG-205180]
t=00139662ms: ** 163: Select $25 000 / $25 000 from Employee Benefit Drop Down List listbox ** started    [MsgId: MMSG-205180]	[MsgId: MMSG-205180]
t=00139889ms: ** 163: Select $25 000 / $25 000 from Employee Benefit Drop Down List listbox ** successfully completed with end event 'Step synchronous network completed'    [MsgId: MMSG-205180]	[MsgId: MMSG-205180]
t=00140412ms: ** 166: Select No from Countersignature check required? radiogroup ** started    [MsgId: MMSG-205180]	[MsgId: MMSG-205180]
t=00140596ms: ** 166: Select No from Countersignature check required? radiogroup ** successfully completed with end event 'Action completed'    [MsgId: MMSG-205180]	[MsgId: MMSG-205180]
t=00141114ms: ** 169: Click on textbox (5) textbox ** started    [MsgId: MMSG-205180]	[MsgId: MMSG-205180]
t=00141460ms: ** 169: Click on textbox (5) textbox ** successfully completed with end event 'Action completed'    [MsgId: MMSG-205180]	[MsgId: MMSG-205180]
t=00141992ms: ** 170: Type perfuser1 in textbox (5) textbox ** started    [MsgId: MMSG-205180]	[MsgId: MMSG-205180]
t=00144454ms: ** 170: Type perfuser1 in textbox (5) textbox ** successfully completed with end event 'Action completed'    [MsgId: MMSG-205180]	[MsgId: MMSG-205180]
t=00144981ms: ** 171: Select Yes from Equipment Breakdown radiogroup ** started    [MsgId: MMSG-205180]	[MsgId: MMSG-205180]
t=00145203ms: ** 171: Select Yes from Equipment Breakdown radiogroup ** successfully completed with end event 'Action completed'    [MsgId: MMSG-205180]	[MsgId: MMSG-205180]
t=00145730ms: ** 173: Select Monthly from Frequency of Audits * listbox ** started    [MsgId: MMSG-205180]	[MsgId: MMSG-205180]
t=00145844ms: ** 173: Select Monthly from Frequency of Audits * listbox ** successfully completed with end event 'Action completed'    [MsgId: MMSG-205180]	[MsgId: MMSG-205180]
t=00146386ms: ** 174: Click on textbox (1) textbox ** started    [MsgId: MMSG-205180]	[MsgId: MMSG-205180]
t=00146654ms: ** 174: Click on textbox (1) textbox ** successfully completed with end event 'Action completed'    [MsgId: MMSG-205180]	[MsgId: MMSG-205180]
t=00147181ms: ** 175: Type 5 in textbox (1) textbox ** started    [MsgId: MMSG-205180]	[MsgId: MMSG-205180]
t=00147576ms: ** 175: Type 5 in textbox (1) textbox ** successfully completed with end event 'Action completed'    [MsgId: MMSG-205180]	[MsgId: MMSG-205180]
t=00148101ms: ** 178: Select No from Has there been more than...ment  breakdown? radiogroup ** started    [MsgId: MMSG-205180]	[MsgId: MMSG-205180]
t=00148307ms: ** 178: Select No from Has there been more than...ment  breakdown? radiogroup ** successfully completed with end event 'Action completed'    [MsgId: MMSG-205180]	[MsgId: MMSG-205180]
t=00148840ms: ** 179: Select No from greater than 250kw of electricity? radiogroup ** started    [MsgId: MMSG-205180]	[MsgId: MMSG-205180]
t=00148945ms: ** 179: Select No from greater than 250kw of electricity? radiogroup ** successfully completed with end event 'Action completed'    [MsgId: MMSG-205180]	[MsgId: MMSG-205180]
t=00149490ms: ** 181: Click on For optional employee...  ** started    [MsgId: MMSG-205180]	[MsgId: MMSG-205180]
t=00149537ms: ** 181: Click on For optional employee...  ** successfully completed with end event 'Action completed'    [MsgId: MMSG-205180]	[MsgId: MMSG-205180]
Notify: Transaction "Orchid_001_New_Submission - 22 - Click Save on Optional Coverages Screen" started.	[MsgId: MMSG-16999]
t=00150063ms: ** 182: Click on Save button ** started    [MsgId: MMSG-205180]	[MsgId: MMSG-205180]
t=00152864ms: ** 182: Click on Save button ** successfully completed with end event 'Step synchronous network completed'    [MsgId: MMSG-205180]	[MsgId: MMSG-205180]
Notify: Transaction "Orchid_001_New_Submission - 22 - Click Save on Optional Coverages Screen" ended with a "Pass" status (Duration: 2.8100 Wasted Time: 0.2020).	[MsgId: MMSG-16871]
Notify: Transaction "Orchid_001_New_Submission - 23 - Click Next on Optional Coverages Screen" started.	[MsgId: MMSG-16999]
t=00153377ms: ** 183: Click on > button ** started    [MsgId: MMSG-205180]	[MsgId: MMSG-205180]
t=00155562ms: ** 183: Click on > button ** successfully completed with end event 'Document Loaded'    [MsgId: MMSG-205180]	[MsgId: MMSG-205180]
Notify: Transaction "Orchid_001_New_Submission - 23 - Click Next on Optional Coverages Screen" ended with a "Pass" status (Duration: 2.1860 Wasted Time: 0.2050).	[MsgId: MMSG-16871]
t=00156092ms: ** 185: Select Contractor from Who performs snow and... listbox ** started    [MsgId: MMSG-205180]	[MsgId: MMSG-205180]
t=00156104ms: ** 185: Select Contractor from Who performs snow and... listbox ** successfully completed with end event 'Action completed'    [MsgId: MMSG-205180]	[MsgId: MMSG-205180]
t=00156640ms: ** 187: Click on YesYesNoNo radiogroup ** started    [MsgId: MMSG-205180]	[MsgId: MMSG-205180]
t=00156903ms: ** 187: Click on YesYesNoNo radiogroup ** successfully completed with end event 'Action completed'    [MsgId: MMSG-205180]	[MsgId: MMSG-205180]
Notify: Transaction "Orchid_001_New_Submission - 24 - Click Save on General Underwriting Questions" started.	[MsgId: MMSG-16999]
t=00157420ms: ** 189: Click on Save button ** started    [MsgId: MMSG-205180]	[MsgId: MMSG-205180]
t=00161927ms: ** 189: Click on Save button ** successfully completed with end event 'Step synchronous network completed'    [MsgId: MMSG-205180]	[MsgId: MMSG-205180]
Notify: Transaction "Orchid_001_New_Submission - 24 - Click Save on General Underwriting Questions" ended with a "Pass" status (Duration: 4.5100 Wasted Time: 0.2020).	[MsgId: MMSG-16871]
Notify: Transaction "Orchid_001_New_Submission - 25 - Click Next on General Underwriting Questions" started.	[MsgId: MMSG-16999]
t=00162441ms: ** 191: Click on > button ** started    [MsgId: MMSG-205180]	[MsgId: MMSG-205180]
t=00166061ms: ** 191: Click on > button ** successfully completed with end event 'Step synchronous network completed'    [MsgId: MMSG-205180]	[MsgId: MMSG-205180]
Notify: Transaction "Orchid_001_New_Submission - 25 - Click Next on General Underwriting Questions" ended with a "Pass" status (Duration: 3.6220 Wasted Time: 0.2020).	[MsgId: MMSG-16871]
t=00166587ms: ** 192: Click on Allow Agent to Request Bind checkbox ** started    [MsgId: MMSG-205180]	[MsgId: MMSG-205180]
t=00166723ms: ** 192: Click on Allow Agent to Request Bind checkbox ** successfully completed with end event 'Action completed'    [MsgId: MMSG-205180]	[MsgId: MMSG-205180]
t=00167259ms: ** 194: Click on 0.00 gridcell ** started    [MsgId: MMSG-205180]	[MsgId: MMSG-205180]
t=00167638ms: ** 194: Click on 0.00 gridcell ** successfully completed with end event 'Action completed'    [MsgId: MMSG-205180]	[MsgId: MMSG-205180]
Notify: Transaction "Orchid_001_New_Submission - 26 - Click Save on Quote Summary Screen" started.	[MsgId: MMSG-16999]
t=00168153ms: ** 196: Click on Save button ** started    [MsgId: MMSG-205180]	[MsgId: MMSG-205180]
t=00171614ms: ** 196: Click on Save button ** successfully completed with end event 'Step synchronous network completed'    [MsgId: MMSG-205180]	[MsgId: MMSG-205180]
Notify: Transaction "Orchid_001_New_Submission - 26 - Click Save on Quote Summary Screen" ended with a "Pass" status (Duration: 3.4660 Wasted Time: 0.2010).	[MsgId: MMSG-16871]
Notify: Transaction "Orchid_001_New_Submission - 27 - Click Next on Quote Summary Screen" started.	[MsgId: MMSG-16999]
t=00172132ms: ** 197: Click on > button ** started    [MsgId: MMSG-205180]	[MsgId: MMSG-205180]
t=00174645ms: ** 197: Click on > button ** successfully completed with end event 'Step synchronous network completed'    [MsgId: MMSG-205180]	[MsgId: MMSG-205180]
Notify: Transaction "Orchid_001_New_Submission - 27 - Click Next on Quote Summary Screen" ended with a "Pass" status (Duration: 2.5160 Wasted Time: 0.2040).	[MsgId: MMSG-16871]
t=00175184ms: ** 198: Click on Approval Notes * textbox ** started    [MsgId: MMSG-205180]	[MsgId: MMSG-205180]
t=00175409ms: ** 198: Click on Approval Notes * textbox ** successfully completed with end event 'Action completed'    [MsgId: MMSG-205180]	[MsgId: MMSG-205180]
t=00175933ms: ** 199: Type NA in Approval Notes * textbox ** started    [MsgId: MMSG-205180]	[MsgId: MMSG-205180]
t=00176547ms: ** 199: Type NA in Approval Notes * textbox ** successfully completed with end event 'Action completed'    [MsgId: MMSG-205180]	[MsgId: MMSG-205180]
t=00177088ms: ** 201: Select Bryan Schofield from Duplicate Submission... listbox ** started    [MsgId: MMSG-205180]	[MsgId: MMSG-205180]
t=00177149ms: ** 201: Select Bryan Schofield from Duplicate Submission... listbox ** successfully completed with end event 'Action completed'    [MsgId: MMSG-205180]	[MsgId: MMSG-205180]
Notify: Transaction "Orchid_001_New_Submission - 28 - Click Save on Referral Management Screen" started.	[MsgId: MMSG-16999]
t=00177668ms: ** 203: Click on Save button ** started    [MsgId: MMSG-205180]	[MsgId: MMSG-205180]
t=00179931ms: ** 203: Click on Save button ** successfully completed with end event 'Step synchronous network completed'    [MsgId: MMSG-205180]	[MsgId: MMSG-205180]
Notify: Transaction "Orchid_001_New_Submission - 28 - Click Save on Referral Management Screen" ended with a "Pass" status (Duration: 2.2650 Wasted Time: 0.2150).	[MsgId: MMSG-16871]
Notify: Transaction "Orchid_001_New_Submission - 29 - Click Next on Referral management Screen" started.	[MsgId: MMSG-16999]
t=00180445ms: ** 205: Click on > button ** started    [MsgId: MMSG-205180]	[MsgId: MMSG-205180]
t=00182897ms: ** 205: Click on > button ** successfully completed with end event 'Step synchronous network completed'    [MsgId: MMSG-205180]	[MsgId: MMSG-205180]
Notify: Transaction "Orchid_001_New_Submission - 29 - Click Next on Referral management Screen" ended with a "Pass" status (Duration: 2.4530 Wasted Time: 0.2010).	[MsgId: MMSG-16871]
Notify: Transaction "Orchid_001_New_Submission - 30 - Click on Issue Quote" started.	[MsgId: MMSG-16999]
t=00183412ms: ** 207: Click on Issue Quote  ** started    [MsgId: MMSG-205180]	[MsgId: MMSG-205180]
t=00187346ms: ** 207: Click on Issue Quote  ** successfully completed with end event 'Step synchronous network completed'    [MsgId: MMSG-205180]	[MsgId: MMSG-205180]
Notify: Transaction "Orchid_001_New_Submission - 30 - Click on Issue Quote" ended with a "Pass" status (Duration: 3.9360 Wasted Time: 0.0010).	[MsgId: MMSG-16871]
t=00187867ms: ** 208: Click on GENERAL INFORMATION  ** started    [MsgId: MMSG-205180]	[MsgId: MMSG-205180]
t=00188166ms: ** 208: Click on GENERAL INFORMATION  ** successfully completed with end event 'Step synchronous network completed'    [MsgId: MMSG-205180]	[MsgId: MMSG-205180]
t=00188709ms: ** 209: Click on Eligibility and Coverage link ** started    [MsgId: MMSG-205180]	[MsgId: MMSG-205180]
t=00191252ms: ** 209: Click on Eligibility and Coverage link ** successfully completed with end event 'Step synchronous network completed'    [MsgId: MMSG-205180]	[MsgId: MMSG-205180]
t=00191767ms: ** 222: Select Officer from listbox (15) listbox ** started    [MsgId: MMSG-205180]	[MsgId: MMSG-205180]
t=00191923ms: ** 222: Select Officer from listbox (15) listbox ** successfully completed with end event 'Action completed'    [MsgId: MMSG-205180]	[MsgId: MMSG-205180]
t=00192453ms: ** 224: Click on Contact Name textbox ** started    [MsgId: MMSG-205180]	[MsgId: MMSG-205180]
t=00192769ms: ** 224: Click on Contact Name textbox ** successfully completed with end event 'Action completed'    [MsgId: MMSG-205180]	[MsgId: MMSG-205180]
t=00193312ms: ** 225: Type Perf user in Contact Name textbox ** started    [MsgId: MMSG-205180]	[MsgId: MMSG-205180]
t=00196140ms: ** 225: Type Perf user in Contact Name textbox ** successfully completed with end event 'Action completed'    [MsgId: MMSG-205180]	[MsgId: MMSG-205180]
t=00196666ms: ** 226: Click on textbox (3) textbox ** started    [MsgId: MMSG-205180]	[MsgId: MMSG-205180]
t=00197044ms: ** 226: Click on textbox (3) textbox ** successfully completed with end event 'Action completed'    [MsgId: MMSG-205180]	[MsgId: MMSG-205180]
t=00197586ms: ** 227: Type 5140000000 in textbox (3) textbox ** started    [MsgId: MMSG-205180]	[MsgId: MMSG-205180]
t=00200725ms: ** 227: Type 5140000000 in textbox (3) textbox ** successfully completed with end event 'Action completed'    [MsgId: MMSG-205180]	[MsgId: MMSG-205180]
t=00201252ms: ** 230: Click on Contact Email * textbox ** started    [MsgId: MMSG-205180]	[MsgId: MMSG-205180]
t=00201536ms: ** 230: Click on Contact Email * textbox ** successfully completed with end event 'Action completed'    [MsgId: MMSG-205180]	[MsgId: MMSG-205180]
t=00202064ms: ** 231: Type perfuser1@oceanwide.com in Contact Email * textbox ** started    [MsgId: MMSG-205180]	[MsgId: MMSG-205180]
t=00208948ms: ** 231: Type perfuser1@oceanwide.com in Contact Email * textbox ** successfully completed with end event 'Action completed'    [MsgId: MMSG-205180]	[MsgId: MMSG-205180]
Notify: Transaction "Orchid_001_New_Submission - 31 - Click Save on Eligibility and Coverage Screen" started.	[MsgId: MMSG-16999]
t=00209461ms: ** 232: Click on Save button ** started    [MsgId: MMSG-205180]	[MsgId: MMSG-205180]
t=00213580ms: ** 232: Click on Save button ** successfully completed with end event 'Step synchronous network completed'    [MsgId: MMSG-205180]	[MsgId: MMSG-205180]
Notify: Transaction "Orchid_001_New_Submission - 31 - Click Save on Eligibility and Coverage Screen" ended with a "Pass" status (Duration: 4.1210 Wasted Time: 0.2030).	[MsgId: MMSG-16871]
Notify: Transaction "Orchid_001_New_Submission - 32 - Click Bind" started.	[MsgId: MMSG-16999]
t=00214085ms: ** 234: Click on Bind button ** started    [MsgId: MMSG-205180]	[MsgId: MMSG-205180]
t=00217323ms: ** 234: Click on Bind button ** successfully completed with end event 'Step synchronous network completed'    [MsgId: MMSG-205180]	[MsgId: MMSG-205180]
Notify: Transaction "Orchid_001_New_Submission - 32 - Click Bind" ended with a "Pass" status (Duration: 3.2400 Wasted Time: 0.2020).	[MsgId: MMSG-16871]
t=00217866ms: ** 235: Click on Performance Test User 1  ** started    [MsgId: MMSG-205180]	[MsgId: MMSG-205180]
t=00218103ms: ** 235: Click on Performance Test User 1  ** successfully completed with end event 'Action completed'    [MsgId: MMSG-205180]	[MsgId: MMSG-205180]
Notify: Transaction "Orchid_001_New_Submission - 33 - Click Log off" started.	[MsgId: MMSG-16999]
t=00218619ms: ** 237: Click on Log Off link ** started    [MsgId: MMSG-205180]	[MsgId: MMSG-205180]
t=00218703ms: ** 237: Click on Log Off link ** successfully completed with end event 'Action completed'    [MsgId: MMSG-205180]	[MsgId: MMSG-205180]
Notify: Transaction "Orchid_001_New_Submission - 33 - Click Log off" ended with a "Pass" status (Duration: 0.0890 Wasted Time: 0.0060).	[MsgId: MMSG-16871]
Ending iteration 1.	[MsgId: MMSG-15965]
Ending Vuser...	[MsgId: MMSG-205066]
Vuser Terminated.	[MsgId: MMSG-205063]
Vuser 0 (thread 3600), ended OK."	[MsgId: MMSG-10695]
