t=00521861ms: Error -205177: APIError: The system cannot find the file specified. 
 ,error detail: function=buildPath, path=\\prqar5\d$\i drive backup\benchmark reports\bridge\latestreport\res_orchid_103.125_may11\log\warmup_run_19\Chromium\Run Block\Iteration1\Action\0
APIError
    at chrome-extension://opmdjnhpgoamlkjpphnnhohdcgnimbbj/RRE/content/infra/Utils.js:13:36
    at chrome-extension://opmdjnhpgoamlkjpphnnhohdcgnimbbj/RRE/content/infra/Utils.js:320:3
While calling handlers in TC_NS.RuleEngine dispatch, event=[TC_NS.Event type="chrome/on-native-msg/buildPath" target="[object Object]"], handler= 
addOnetimeEventListener: type=chrome/on-native-msg/buildPath, function=function (response) { 
					var asyncMsgObj = TC_NS.NativeBridge.asyncMsgObjDict[msgType].shift(); 
					handleResponse(response, asyncMsgObj.callback, asyncMsgObj.responseType, asyncMsgObj.throwExactError); 
 
					if (TC_NS.NativeBridge.asyncMsgObjDict[msgType].length == 0) { 
						delete TC_NS.NativeBridge.asyncMsgObjDict[msgType]; 
					} else { 
						sendOneMsgAsync(msgType); 
					} 
				}       Snapshot Info [MSH 1 0]    [MsgId: MERR-205177]	[MsgId: MERR-205177]
t=00522011ms: Error -205177: APIError: The system cannot find the path specified. 
 ,error detail: function=writeConvert, filename=\\prqar5\d$\i drive backup\benchmark reports\bridge\latestreport\res_orchid_103.125_may11\log\warmup_run_19\Chromium\Run Block\Iteration1\Action\0\155-step-{25dd21d3-73a0-417a-b3fe-5e2a2769418d}-error.png
APIError
    at chrome-extension://opmdjnhpgoamlkjpphnnhohdcgnimbbj/RRE/content/infra/Utils.js:13:36
    at chrome-extension://opmdjnhpgoamlkjpphnnhohdcgnimbbj/RRE/content/infra/Utils.js:320:3
While calling handlers in TC_NS.RuleEngine dispatch, event=[TC_NS.Event type="chrome/on-native-msg/writeConvert" target="[object Object]"], handler= 
addOnetimeEventListener: type=chrome/on-native-msg/writeConvert, function=function (response) { 
					var asyncMsgObj = TC_NS.NativeBridge.asyncMsgObjDict[msgType].shift(); 
					handleResponse(response, asyncMsgObj.callback, asyncMsgObj.responseType, asyncMsgObj.throwExactError); 
 
					if (TC_NS.NativeBridge.asyncMsgObjDict[msgType].length == 0) { 
						delete TC_NS.NativeBridge.asyncMsgObjDict[msgType]; 
					} else { 
						sendOneMsgAsync(msgType); 
					} 
				}       Snapshot Info [MSH 1 0]    [MsgId: MERR-205177]	[MsgId: MERR-205177]
t=00522059ms: Error -205177: APIError: The system cannot find the file specified. 
 ,error detail: function=buildPath, path=\\prqar5\d$\i drive backup\benchmark reports\bridge\latestreport\res_orchid_103.125_may11\log\warmup_run_19\Iteration1
APIError
    at chrome-extension://opmdjnhpgoamlkjpphnnhohdcgnimbbj/RRE/content/infra/Utils.js:13:36
    at chrome-extension://opmdjnhpgoamlkjpphnnhohdcgnimbbj/RRE/content/infra/Utils.js:320:3
While calling handlers in TC_NS.RuleEngine dispatch, event=[TC_NS.Event type="chrome/on-native-msg/buildPath" target="[object Object]"], handler= 
addOnetimeEventListener: type=chrome/on-native-msg/buildPath, function=function (response) { 
					var asyncMsgObj = TC_NS.NativeBridge.asyncMsgObjDict[msgType].shift(); 
					handleResponse(response, asyncMsgObj.callback, asyncMsgObj.responseType, asyncMsgObj.throwExactError); 
 
					if (TC_NS.NativeBridge.asyncMsgObjDict[msgType].length == 0) { 
						delete TC_NS.NativeBridge.asyncMsgObjDict[msgType]; 
					} else { 
						sendOneMsgAsync(msgType); 
					} 
				}       Snapshot Info [MSH 1 1]    [MsgId: MERR-205177]	[MsgId: MERR-205177]
t=00522191ms: Error -205177: APIError: The system cannot find the path specified. 
 ,error detail: function=writeFile, filename=\\prqar5\d$\i drive backup\benchmark reports\bridge\latestreport\res_orchid_103.125_may11\log\warmup_run_19\Iteration1\t0.inf, charset=UTF-8
APIError
    at chrome-extension://opmdjnhpgoamlkjpphnnhohdcgnimbbj/RRE/content/infra/Utils.js:13:36
    at chrome-extension://opmdjnhpgoamlkjpphnnhohdcgnimbbj/RRE/content/infra/Utils.js:320:3
While calling handlers in TC_NS.RuleEngine dispatch, event=[TC_NS.Event type="chrome/on-native-msg/writeFile" target="[object Object]"], handler= 
addOnetimeEventListener: type=chrome/on-native-msg/writeFile, function=function (response) { 
					var asyncMsgObj = TC_NS.NativeBridge.asyncMsgObjDict[msgType].shift(); 
					handleResponse(response, asyncMsgObj.callback, asyncMsgObj.responseType, asyncMsgObj.throwExactError); 
 
					if (TC_NS.NativeBridge.asyncMsgObjDict[msgType].length == 0) { 
						delete TC_NS.NativeBridge.asyncMsgObjDict[msgType]; 
					} else { 
						sendOneMsgAsync(msgType); 
					} 
				}       Snapshot Info [MSH 1 1]    [MsgId: MERR-205177]	[MsgId: MERR-205177]
t=00522236ms: Error -205177: APIError: The system cannot find the path specified. 
 ,error detail: function=writeFile, filename=\\prqar5\d$\i drive backup\benchmark reports\bridge\latestreport\res_orchid_103.125_may11\log\warmup_run_19\Iteration1\t0.xml, charset=UTF-8
APIError
    at chrome-extension://opmdjnhpgoamlkjpphnnhohdcgnimbbj/RRE/content/infra/Utils.js:13:36
    at chrome-extension://opmdjnhpgoamlkjpphnnhohdcgnimbbj/RRE/content/infra/Utils.js:320:3
While calling handlers in TC_NS.RuleEngine dispatch, event=[TC_NS.Event type="chrome/on-native-msg/writeFile" target="[object Object]"], handler= 
addOnetimeEventListener: type=chrome/on-native-msg/writeFile, function=function (response) { 
					var asyncMsgObj = TC_NS.NativeBridge.asyncMsgObjDict[msgType].shift(); 
					handleResponse(response, asyncMsgObj.callback, asyncMsgObj.responseType, asyncMsgObj.throwExactError); 
 
					if (TC_NS.NativeBridge.asyncMsgObjDict[msgType].length == 0) { 
						delete TC_NS.NativeBridge.asyncMsgObjDict[msgType]; 
					} else { 
						sendOneMsgAsync(msgType); 
					} 
				}       Snapshot Info [MSH 1 1]    [MsgId: MERR-205177]	[MsgId: MERR-205177]
t=00522313ms: Error -205177: ** 155: Select No from Terrorism radiogroup ** failed - target object was not found.       Snapshot Info [MSH 1 0]    [MsgId: MERR-205177]	[MsgId: MERR-205177]
t=00686754ms: Error -205177: APIError: The system cannot find the file specified. 
 ,error detail: function=buildPath, path=\\prqar5\d$\i drive backup\benchmark reports\bridge\latestreport\res_orchid_103.125_may11\log\warmup_run_19\Chromium\Run Block\Iteration1\Action\0
APIError
    at chrome-extension://opmdjnhpgoamlkjpphnnhohdcgnimbbj/RRE/content/infra/Utils.js:13:36
    at chrome-extension://opmdjnhpgoamlkjpphnnhohdcgnimbbj/RRE/content/infra/Utils.js:320:3
While calling handlers in TC_NS.RuleEngine dispatch, event=[TC_NS.Event type="chrome/on-native-msg/buildPath" target="[object Object]"], handler= 
addOnetimeEventListener: type=chrome/on-native-msg/buildPath, function=function (response) { 
					var asyncMsgObj = TC_NS.NativeBridge.asyncMsgObjDict[msgType].shift(); 
					handleResponse(response, asyncMsgObj.callback, asyncMsgObj.responseType, asyncMsgObj.throwExactError); 
 
					if (TC_NS.NativeBridge.asyncMsgObjDict[msgType].length == 0) { 
						delete TC_NS.NativeBridge.asyncMsgObjDict[msgType]; 
					} else { 
						sendOneMsgAsync(msgType); 
					} 
				}       Snapshot Info [MSH 1 1]    [MsgId: MERR-205177]	[MsgId: MERR-205177]
t=00686892ms: Error -205177: APIError: The system cannot find the path specified. 
 ,error detail: function=writeConvert, filename=\\prqar5\d$\i drive backup\benchmark reports\bridge\latestreport\res_orchid_103.125_may11\log\warmup_run_19\Chromium\Run Block\Iteration1\Action\0\249.1-step-{a079d419-bde8-4573-a71b-b1b72a59cea5}-error.png
APIError
    at chrome-extension://opmdjnhpgoamlkjpphnnhohdcgnimbbj/RRE/content/infra/Utils.js:13:36
    at chrome-extension://opmdjnhpgoamlkjpphnnhohdcgnimbbj/RRE/content/infra/Utils.js:320:3
While calling handlers in TC_NS.RuleEngine dispatch, event=[TC_NS.Event type="chrome/on-native-msg/writeConvert" target="[object Object]"], handler= 
addOnetimeEventListener: type=chrome/on-native-msg/writeConvert, function=function (response) { 
					var asyncMsgObj = TC_NS.NativeBridge.asyncMsgObjDict[msgType].shift(); 
					handleResponse(response, asyncMsgObj.callback, asyncMsgObj.responseType, asyncMsgObj.throwExactError); 
 
					if (TC_NS.NativeBridge.asyncMsgObjDict[msgType].length == 0) { 
						delete TC_NS.NativeBridge.asyncMsgObjDict[msgType]; 
					} else { 
						sendOneMsgAsync(msgType); 
					} 
				}       Snapshot Info [MSH 1 1]    [MsgId: MERR-205177]	[MsgId: MERR-205177]
t=00686979ms: Error -205177: APIError: The system cannot find the file specified. 
 ,error detail: function=buildPath, path=\\prqar5\d$\i drive backup\benchmark reports\bridge\latestreport\res_orchid_103.125_may11\log\warmup_run_19\Iteration1
APIError
    at chrome-extension://opmdjnhpgoamlkjpphnnhohdcgnimbbj/RRE/content/infra/Utils.js:13:36
    at chrome-extension://opmdjnhpgoamlkjpphnnhohdcgnimbbj/RRE/content/infra/Utils.js:320:3
While calling handlers in TC_NS.RuleEngine dispatch, event=[TC_NS.Event type="chrome/on-native-msg/buildPath" target="[object Object]"], handler= 
addOnetimeEventListener: type=chrome/on-native-msg/buildPath, function=function (response) { 
					var asyncMsgObj = TC_NS.NativeBridge.asyncMsgObjDict[msgType].shift(); 
					handleResponse(response, asyncMsgObj.callback, asyncMsgObj.responseType, asyncMsgObj.throwExactError); 
 
					if (TC_NS.NativeBridge.asyncMsgObjDict[msgType].length == 0) { 
						delete TC_NS.NativeBridge.asyncMsgObjDict[msgType]; 
					} else { 
						sendOneMsgAsync(msgType); 
					} 
				}       Snapshot Info [MSH 1 2]    [MsgId: MERR-205177]	[MsgId: MERR-205177]
t=00687059ms: Error -205177: APIError: The system cannot find the path specified. 
 ,error detail: function=writeFile, filename=\\prqar5\d$\i drive backup\benchmark reports\bridge\latestreport\res_orchid_103.125_may11\log\warmup_run_19\Iteration1\t1.inf, charset=UTF-8
APIError
    at chrome-extension://opmdjnhpgoamlkjpphnnhohdcgnimbbj/RRE/content/infra/Utils.js:13:36
    at chrome-extension://opmdjnhpgoamlkjpphnnhohdcgnimbbj/RRE/content/infra/Utils.js:320:3
While calling handlers in TC_NS.RuleEngine dispatch, event=[TC_NS.Event type="chrome/on-native-msg/writeFile" target="[object Object]"], handler= 
addOnetimeEventListener: type=chrome/on-native-msg/writeFile, function=function (response) { 
					var asyncMsgObj = TC_NS.NativeBridge.asyncMsgObjDict[msgType].shift(); 
					handleResponse(response, asyncMsgObj.callback, asyncMsgObj.responseType, asyncMsgObj.throwExactError); 
 
					if (TC_NS.NativeBridge.asyncMsgObjDict[msgType].length == 0) { 
						delete TC_NS.NativeBridge.asyncMsgObjDict[msgType]; 
					} else { 
						sendOneMsgAsync(msgType); 
					} 
				}       Snapshot Info [MSH 1 2]    [MsgId: MERR-205177]	[MsgId: MERR-205177]
t=00687101ms: Error -205177: APIError: The system cannot find the path specified. 
 ,error detail: function=writeFile, filename=\\prqar5\d$\i drive backup\benchmark reports\bridge\latestreport\res_orchid_103.125_may11\log\warmup_run_19\Iteration1\t1.xml, charset=UTF-8
APIError
    at chrome-extension://opmdjnhpgoamlkjpphnnhohdcgnimbbj/RRE/content/infra/Utils.js:13:36
    at chrome-extension://opmdjnhpgoamlkjpphnnhohdcgnimbbj/RRE/content/infra/Utils.js:320:3
While calling handlers in TC_NS.RuleEngine dispatch, event=[TC_NS.Event type="chrome/on-native-msg/writeFile" target="[object Object]"], handler= 
addOnetimeEventListener: type=chrome/on-native-msg/writeFile, function=function (response) { 
					var asyncMsgObj = TC_NS.NativeBridge.asyncMsgObjDict[msgType].shift(); 
					handleResponse(response, asyncMsgObj.callback, asyncMsgObj.responseType, asyncMsgObj.throwExactError); 
 
					if (TC_NS.NativeBridge.asyncMsgObjDict[msgType].length == 0) { 
						delete TC_NS.NativeBridge.asyncMsgObjDict[msgType]; 
					} else { 
						sendOneMsgAsync(msgType); 
					} 
				}       Snapshot Info [MSH 1 2]    [MsgId: MERR-205177]	[MsgId: MERR-205177]
t=00687182ms: Error -205177: ** 249.1: Select Bryan Schofield from Duplicate Submission... listbox ** failed - runtime error:
	'Text': The specified value ("Bryan Schofield") is invalid       Snapshot Info [MSH 1 1]    [MsgId: MERR-205177]	[MsgId: MERR-205177]
