Virtual User Script started at : 2016-09-24 03:05:42	[MsgId: MMSG-205068]
Virtual User Script started at : 2016-09-24 03:05:42	[MsgId: MMSG-205068]
Virtual User Script started at : 2016-09-24 03:05:42	[MsgId: MMSG-205068]
Virtual User Script started at : 2016-09-24 03:05:42	[MsgId: MMSG-205068]
Virtual User Script started at : 2016-09-24 03:05:44	[MsgId: MMSG-205068]
TruClient Replay for LoadRunner 12.53.0, build 1203. OS: Windows 2008 R2, Browser: Firefox, initialized on 2016/09/24 at 03:05:37 (0000.000s)
	[MsgId: MMSG-204898]
Selected Run-Time Settings:	[MsgId: MMSG-204896]
    Simulate a new user on each iteration...............: 0	[MsgId: MMSG-204894]
    Using system proxy settings	[MsgId: MMSG-204891]
    Check for newer versions of stored pages: 4 (Automatically)	[MsgId: MMSG-204880]
    Keep-Alive..........................................: 1	[MsgId: MMSG-204875]
    Proxy Keep-Alive....................................: 1	[MsgId: MMSG-204874]
    Keep-Alive timeout (ms).............................: 60000	[MsgId: MMSG-204873]
    HTTP Version........................................: 1.1	[MsgId: MMSG-204871]
    Proxy HTTP Version..................................: 1.1	[MsgId: MMSG-204870]
    DNS cache entries...................................: 20	[MsgId: MMSG-204868]
    Run-Time Settings file..............................: "C:\Users\qtpuser1\AppData\Local\Temp\2\lr5tmpdirld0.986\lrcfgaSE.12\cfgBym.13"	[MsgId: MMSG-204867]
    Vuser directory.....................................: "C:\Users\qtpuser1\AppData\Local\Temp\2\brr_TQ4.17\Orchid_NewSubmission_Prod6\Orchid_NewSubmission_Prod2"	[MsgId: MMSG-204866]
    Vuser output directory..............................: "C:\Users\qtpuser1\AppData\Local\Temp\2\brr_TQ4.17\Orchid_NewSubmission_Prod6\Orchid_NewSubmission_Prod2"	[MsgId: MMSG-204865]
End of selected Run-Time Settings
	[MsgId: MMSG-204895]
Please refer to the ReadMe file in the LoadRunner installation directory for notes about measurements and logging	[MsgId: MMSG-204864]
TruClient Replay for LoadRunner 12.53.0, build 1203. OS: Windows 2008 R2, Browser: Firefox, initialized on 2016/09/24 at 03:05:37 (0000.000s)
	[MsgId: MMSG-204898]
Selected Run-Time Settings:	[MsgId: MMSG-204896]
    Simulate a new user on each iteration...............: 0	[MsgId: MMSG-204894]
    Using system proxy settings	[MsgId: MMSG-204891]
    Check for newer versions of stored pages: 4 (Automatically)	[MsgId: MMSG-204880]
    Keep-Alive..........................................: 1	[MsgId: MMSG-204875]
    Proxy Keep-Alive....................................: 1	[MsgId: MMSG-204874]
    Keep-Alive timeout (ms).............................: 60000	[MsgId: MMSG-204873]
    HTTP Version........................................: 1.1	[MsgId: MMSG-204871]
    Proxy HTTP Version..................................: 1.1	[MsgId: MMSG-204870]
    DNS cache entries...................................: 20	[MsgId: MMSG-204868]
    Run-Time Settings file..............................: "C:\Users\qtpuser1\AppData\Local\Temp\2\lr5tmpdirld0.986\lrcfgaSE.12\cfgBym.13"	[MsgId: MMSG-204867]
    Vuser directory.....................................: "C:\Users\qtpuser1\AppData\Local\Temp\2\brr_TQ4.17\Orchid_NewSubmission_Prod6\Orchid_NewSubmission_Prod5"	[MsgId: MMSG-204866]
    Vuser output directory..............................: "C:\Users\qtpuser1\AppData\Local\Temp\2\brr_TQ4.17\Orchid_NewSubmission_Prod6\Orchid_NewSubmission_Prod5"	[MsgId: MMSG-204865]
End of selected Run-Time Settings
	[MsgId: MMSG-204895]
Please refer to the ReadMe file in the LoadRunner installation directory for notes about measurements and logging	[MsgId: MMSG-204864]
Virtual User Script started at : 2016-09-24 03:05:44	[MsgId: MMSG-205068]
TruClient Replay for LoadRunner 12.53.0, build 1203. OS: Windows 2008 R2, Browser: Firefox, initialized on 2016/09/24 at 03:05:37 (0000.000s)
	[MsgId: MMSG-204898]
Selected Run-Time Settings:	[MsgId: MMSG-204896]
    Simulate a new user on each iteration...............: 0	[MsgId: MMSG-204894]
    Using system proxy settings	[MsgId: MMSG-204891]
    Check for newer versions of stored pages: 4 (Automatically)	[MsgId: MMSG-204880]
    Keep-Alive..........................................: 1	[MsgId: MMSG-204875]
    Proxy Keep-Alive....................................: 1	[MsgId: MMSG-204874]
    Keep-Alive timeout (ms).............................: 60000	[MsgId: MMSG-204873]
    HTTP Version........................................: 1.1	[MsgId: MMSG-204871]
    Proxy HTTP Version..................................: 1.1	[MsgId: MMSG-204870]
    DNS cache entries...................................: 20	[MsgId: MMSG-204868]
    Run-Time Settings file..............................: "C:\Users\qtpuser1\AppData\Local\Temp\2\lr5tmpdirld0.986\lrcfgaSE.12\cfgBym.13"	[MsgId: MMSG-204867]
    Vuser directory.....................................: "C:\Users\qtpuser1\AppData\Local\Temp\2\brr_TQ4.17\Orchid_NewSubmission_Prod6\Orchid_NewSubmission_Prod1"	[MsgId: MMSG-204866]
    Vuser output directory..............................: "C:\Users\qtpuser1\AppData\Local\Temp\2\brr_TQ4.17\Orchid_NewSubmission_Prod6\Orchid_NewSubmission_Prod1"	[MsgId: MMSG-204865]
End of selected Run-Time Settings
	[MsgId: MMSG-204895]
Please refer to the ReadMe file in the LoadRunner installation directory for notes about measurements and logging	[MsgId: MMSG-204864]
TruClient Replay for LoadRunner 12.53.0, build 1203. OS: Windows 2008 R2, Browser: Firefox, initialized on 2016/09/24 at 03:05:37 (0000.000s)
	[MsgId: MMSG-204898]
Selected Run-Time Settings:	[MsgId: MMSG-204896]
    Simulate a new user on each iteration...............: 0	[MsgId: MMSG-204894]
    Using system proxy settings	[MsgId: MMSG-204891]
    Check for newer versions of stored pages: 4 (Automatically)	[MsgId: MMSG-204880]
    Keep-Alive..........................................: 1	[MsgId: MMSG-204875]
    Proxy Keep-Alive....................................: 1	[MsgId: MMSG-204874]
    Keep-Alive timeout (ms).............................: 60000	[MsgId: MMSG-204873]
    HTTP Version........................................: 1.1	[MsgId: MMSG-204871]
    Proxy HTTP Version..................................: 1.1	[MsgId: MMSG-204870]
    DNS cache entries...................................: 20	[MsgId: MMSG-204868]
    Run-Time Settings file..............................: "C:\Users\qtpuser1\AppData\Local\Temp\2\lr5tmpdirld0.986\lrcfgaSE.12\cfgBym.13"	[MsgId: MMSG-204867]
    Vuser directory.....................................: "C:\Users\qtpuser1\AppData\Local\Temp\2\brr_TQ4.17\Orchid_NewSubmission_Prod6\Orchid_NewSubmission_Prod3"	[MsgId: MMSG-204866]
    Vuser output directory..............................: "C:\Users\qtpuser1\AppData\Local\Temp\2\brr_TQ4.17\Orchid_NewSubmission_Prod6\Orchid_NewSubmission_Prod3"	[MsgId: MMSG-204865]
End of selected Run-Time Settings
	[MsgId: MMSG-204895]
Please refer to the ReadMe file in the LoadRunner installation directory for notes about measurements and logging	[MsgId: MMSG-204864]
TruClient Replay for LoadRunner 12.53.0, build 1203. OS: Windows 2008 R2, Browser: Firefox, initialized on 2016/09/24 at 03:05:37 (0000.000s)
	[MsgId: MMSG-204898]
Selected Run-Time Settings:	[MsgId: MMSG-204896]
    Simulate a new user on each iteration...............: 0	[MsgId: MMSG-204894]
    Using system proxy settings	[MsgId: MMSG-204891]
    Check for newer versions of stored pages: 4 (Automatically)	[MsgId: MMSG-204880]
    Keep-Alive..........................................: 1	[MsgId: MMSG-204875]
    Proxy Keep-Alive....................................: 1	[MsgId: MMSG-204874]
    Keep-Alive timeout (ms).............................: 60000	[MsgId: MMSG-204873]
    HTTP Version........................................: 1.1	[MsgId: MMSG-204871]
    Proxy HTTP Version..................................: 1.1	[MsgId: MMSG-204870]
    DNS cache entries...................................: 20	[MsgId: MMSG-204868]
    Run-Time Settings file..............................: "C:\Users\qtpuser1\AppData\Local\Temp\2\lr5tmpdirld0.986\lrcfgaSE.12\cfgBym.13"	[MsgId: MMSG-204867]
    Vuser directory.....................................: "C:\Users\qtpuser1\AppData\Local\Temp\2\brr_TQ4.17\Orchid_NewSubmission_Prod6\Orchid_NewSubmission_Prod4"	[MsgId: MMSG-204866]
    Vuser output directory..............................: "C:\Users\qtpuser1\AppData\Local\Temp\2\brr_TQ4.17\Orchid_NewSubmission_Prod6\Orchid_NewSubmission_Prod4"	[MsgId: MMSG-204865]
End of selected Run-Time Settings
	[MsgId: MMSG-204895]
Please refer to the ReadMe file in the LoadRunner installation directory for notes about measurements and logging	[MsgId: MMSG-204864]
TruClient Replay for LoadRunner 12.53.0, build 1203. OS: Windows 2008 R2, Browser: Firefox, initialized on 2016/09/24 at 03:05:37 (0000.000s)
	[MsgId: MMSG-204898]
Selected Run-Time Settings:	[MsgId: MMSG-204896]
    Simulate a new user on each iteration...............: 0	[MsgId: MMSG-204894]
    Using system proxy settings	[MsgId: MMSG-204891]
    Check for newer versions of stored pages: 4 (Automatically)	[MsgId: MMSG-204880]
    Keep-Alive..........................................: 1	[MsgId: MMSG-204875]
    Proxy Keep-Alive....................................: 1	[MsgId: MMSG-204874]
    Keep-Alive timeout (ms).............................: 60000	[MsgId: MMSG-204873]
    HTTP Version........................................: 1.1	[MsgId: MMSG-204871]
    Proxy HTTP Version..................................: 1.1	[MsgId: MMSG-204870]
    DNS cache entries...................................: 20	[MsgId: MMSG-204868]
    Run-Time Settings file..............................: "C:\Users\qtpuser1\AppData\Local\Temp\2\lr5tmpdirld0.986\lrcfgaSE.12\cfgBym.13"	[MsgId: MMSG-204867]
    Vuser directory.....................................: "C:\Users\qtpuser1\AppData\Local\Temp\2\brr_TQ4.17\Orchid_NewSubmission_Prod6\Orchid_NewSubmission_Prod6"	[MsgId: MMSG-204866]
    Vuser output directory..............................: "C:\Users\qtpuser1\AppData\Local\Temp\2\brr_TQ4.17\Orchid_NewSubmission_Prod6\Orchid_NewSubmission_Prod6"	[MsgId: MMSG-204865]
End of selected Run-Time Settings
	[MsgId: MMSG-204895]
Please refer to the ReadMe file in the LoadRunner installation directory for notes about measurements and logging	[MsgId: MMSG-204864]
Action was aborted.	[MsgId: MMSG-10694]
Ending Vuser...	[MsgId: MMSG-205066]
Action was aborted.	[MsgId: MMSG-10694]
Action was aborted.	[MsgId: MMSG-10694]
Ending Vuser...	[MsgId: MMSG-205066]
Action was aborted.	[MsgId: MMSG-10694]
Ending Vuser...	[MsgId: MMSG-205066]
Ending Vuser...	[MsgId: MMSG-205066]
Action was aborted.	[MsgId: MMSG-10694]
Vuser Terminated.	[MsgId: MMSG-205063]
Vuser Terminated.	[MsgId: MMSG-205063]
Vuser Terminated.	[MsgId: MMSG-205063]
Action was aborted.	[MsgId: MMSG-10694]
Ending Vuser...	[MsgId: MMSG-205066]
Ending Vuser...	[MsgId: MMSG-205066]
Vuser Terminated.	[MsgId: MMSG-205063]
Vuser Terminated.	[MsgId: MMSG-205063]
Vuser Terminated.	[MsgId: MMSG-205063]
Vuser 0 (thread 5320), ended OK."	[MsgId: MMSG-10695]
Vuser 3 (thread 1540), ended OK."	[MsgId: MMSG-10695]
Vuser 5 (thread 8756), ended OK."	[MsgId: MMSG-10695]
Vuser 1 (thread 4100), ended OK."	[MsgId: MMSG-10695]
Vuser 4 (thread 8504), ended OK."	[MsgId: MMSG-10695]
Vuser 2 (thread 9136), ended OK."	[MsgId: MMSG-10695]
