Notify: Transaction "Orchid_001_New_Submission - 21 - Click Next on General Liability Screen" started.	[MsgId: MMSG-16999]
t=13778718ms: ** 145: Click on > button ** started    [MsgId: MMSG-205180]	[MsgId: MMSG-205180]
t=13781105ms: ** 145: Click on > button ** successfully completed with end event 'Step synchronous network completed'    [MsgId: MMSG-205180]	[MsgId: MMSG-205180]
Notify: Transaction "Orchid_001_New_Submission - 21 - Click Next on General Liability Screen" ended with a "Pass" status (Duration: 2.3890 Wasted Time: 0.2040).	[MsgId: MMSG-16871]
t=13781105ms: ** 146: Mouse Over ** started    [MsgId: MMSG-205180]	[MsgId: MMSG-205180]
t=13781620ms: ** 146.2: Move mouse over HomePoliciesClientsProduct...  ** started    [MsgId: MMSG-205180]	[MsgId: MMSG-205180]
t=13781838ms: ** 146.2: Move mouse over HomePoliciesClientsProduct...  ** successfully completed with end event 'Action completed'    [MsgId: MMSG-205180]	[MsgId: MMSG-205180]
t=13781838ms: ** 146: Mouse Over ** successfully completed with end event 'Action completed'    [MsgId: MMSG-205180]	[MsgId: MMSG-205180]
t=13782368ms: ** 147: Select No from Terrorism radiogroup ** started    [MsgId: MMSG-205180]	[MsgId: MMSG-205180]
t=13782540ms: ** 147: Select No from Terrorism radiogroup ** successfully completed with end event 'Action completed'    [MsgId: MMSG-205180]	[MsgId: MMSG-205180]
t=13783070ms: ** 148: Click on # of Employees (Full... textbox ** started    [MsgId: MMSG-205180]	[MsgId: MMSG-205180]
t=13783460ms: ** 148: Click on # of Employees (Full... textbox ** successfully completed with end event 'Action completed'    [MsgId: MMSG-205180]	[MsgId: MMSG-205180]
t=13783991ms: ** 149: Type 10 in # of Employees (Full... textbox ** started    [MsgId: MMSG-205180]	[MsgId: MMSG-205180]
t=13784958ms: ** 149: Type 10 in # of Employees (Full... textbox ** successfully completed with end event 'Action completed'    [MsgId: MMSG-205180]	[MsgId: MMSG-205180]
t=13784958ms: ** 150: Mouse Over ** started    [MsgId: MMSG-205180]	[MsgId: MMSG-205180]
t=13785489ms: ** 150.4: Move mouse over Please Select gridcell ** started    [MsgId: MMSG-205180]	[MsgId: MMSG-205180]
t=13785754ms: ** 150.4: Move mouse over Please Select gridcell ** successfully completed with end event 'Action completed'    [MsgId: MMSG-205180]	[MsgId: MMSG-205180]
t=13785754ms: ** 150: Mouse Over ** successfully completed with end event 'Action completed'    [MsgId: MMSG-205180]	[MsgId: MMSG-205180]
t=13786269ms: ** 151: Click on Employee Benefits Limit textbox ** started    [MsgId: MMSG-205180]	[MsgId: MMSG-205180]
t=13786846ms: ** 151: Click on Employee Benefits Limit textbox ** successfully completed with end event 'Step synchronous network completed'    [MsgId: MMSG-205180]	[MsgId: MMSG-205180]
t=13787376ms: ** 152: Move mouse over Limit None $25 000 /...  ** started    [MsgId: MMSG-205180]	[MsgId: MMSG-205180]
t=13787626ms: ** 152: Move mouse over Limit None $25 000 /...  ** successfully completed with end event 'Action completed'    [MsgId: MMSG-205180]	[MsgId: MMSG-205180]
t=13788172ms: ** 153: Select $25 000 / $25 000 from Employee Benefit Drop Down List listbox ** started    [MsgId: MMSG-205180]	[MsgId: MMSG-205180]
t=13788343ms: ** 153: Select $25 000 / $25 000 from Employee Benefit Drop Down List listbox ** successfully completed with end event 'Step synchronous network completed'    [MsgId: MMSG-205180]	[MsgId: MMSG-205180]
t=13788874ms: ** 156: Select Yes from personnel familiar? radiogroup ** started    [MsgId: MMSG-205180]	[MsgId: MMSG-205180]
t=13788999ms: ** 156: Select Yes from personnel familiar? radiogroup ** successfully completed with end event 'Action completed'    [MsgId: MMSG-205180]	[MsgId: MMSG-205180]
t=13789545ms: ** 157: Select Yes from programs in compliance with Cobra? radiogroup ** started    [MsgId: MMSG-205180]	[MsgId: MMSG-205180]
t=13789732ms: ** 157: Select Yes from programs in compliance with Cobra? radiogroup ** successfully completed with end event 'Action completed'    [MsgId: MMSG-205180]	[MsgId: MMSG-205180]
t=13790247ms: ** 159: Select Yes from optional employee benefits radiogroup ** started    [MsgId: MMSG-205180]	[MsgId: MMSG-205180]
t=13790418ms: ** 159: Select Yes from optional employee benefits radiogroup ** successfully completed with end event 'Action completed'    [MsgId: MMSG-205180]	[MsgId: MMSG-205180]
t=13790964ms: ** 161: Click on Employee Dishonesty Limit textbox ** started    [MsgId: MMSG-205180]	[MsgId: MMSG-205180]
t=13791448ms: ** 161: Click on Employee Dishonesty Limit textbox ** successfully completed with end event 'Step synchronous network completed'    [MsgId: MMSG-205180]	[MsgId: MMSG-205180]
t=13791994ms: ** 163: Select $25 000 / $25 000 from Employee Benefit Drop Down List listbox ** started    [MsgId: MMSG-205180]	[MsgId: MMSG-205180]
t=13792197ms: ** 163: Select $25 000 / $25 000 from Employee Benefit Drop Down List listbox ** successfully completed with end event 'Step synchronous network completed'    [MsgId: MMSG-205180]	[MsgId: MMSG-205180]
t=13792727ms: ** 166: Select No from Countersignature check required? radiogroup ** started    [MsgId: MMSG-205180]	[MsgId: MMSG-205180]
t=13792852ms: ** 166: Select No from Countersignature check required? radiogroup ** successfully completed with end event 'Action completed'    [MsgId: MMSG-205180]	[MsgId: MMSG-205180]
t=13793398ms: ** 169: Click on textbox (5) textbox ** started    [MsgId: MMSG-205180]	[MsgId: MMSG-205180]
t=13793663ms: ** 169: Click on textbox (5) textbox ** successfully completed with end event 'Action completed'    [MsgId: MMSG-205180]	[MsgId: MMSG-205180]
t=13794193ms: ** 170: Type perfuser1 in textbox (5) textbox ** started    [MsgId: MMSG-205180]	[MsgId: MMSG-205180]
t=13796690ms: ** 170: Type perfuser1 in textbox (5) textbox ** successfully completed with end event 'Action completed'    [MsgId: MMSG-205180]	[MsgId: MMSG-205180]
t=13797220ms: ** 171: Select Yes from Equipment Breakdown radiogroup ** started    [MsgId: MMSG-205180]	[MsgId: MMSG-205180]
t=13797392ms: ** 171: Select Yes from Equipment Breakdown radiogroup ** successfully completed with end event 'Action completed'    [MsgId: MMSG-205180]	[MsgId: MMSG-205180]
t=13797922ms: ** 173: Select Monthly from Frequency of Audits * listbox ** started    [MsgId: MMSG-205180]	[MsgId: MMSG-205180]
t=13797984ms: ** 173: Select Monthly from Frequency of Audits * listbox ** successfully completed with end event 'Action completed'    [MsgId: MMSG-205180]	[MsgId: MMSG-205180]
t=13798515ms: ** 174: Click on textbox (1) textbox ** started    [MsgId: MMSG-205180]	[MsgId: MMSG-205180]
t=13798796ms: ** 174: Click on textbox (1) textbox ** successfully completed with end event 'Action completed'    [MsgId: MMSG-205180]	[MsgId: MMSG-205180]
t=13799326ms: ** 175: Type 5 in textbox (1) textbox ** started    [MsgId: MMSG-205180]	[MsgId: MMSG-205180]
t=13799856ms: ** 175: Type 5 in textbox (1) textbox ** successfully completed with end event 'Action completed'    [MsgId: MMSG-205180]	[MsgId: MMSG-205180]
t=13800402ms: ** 178: Select No from Has there been more than...ment  breakdown? radiogroup ** started    [MsgId: MMSG-205180]	[MsgId: MMSG-205180]
t=13800558ms: ** 178: Select No from Has there been more than...ment  breakdown? radiogroup ** successfully completed with end event 'Action completed'    [MsgId: MMSG-205180]	[MsgId: MMSG-205180]
t=13801089ms: ** 179: Select No from greater than 250kw of electricity? radiogroup ** started    [MsgId: MMSG-205180]	[MsgId: MMSG-205180]
t=13801182ms: ** 179: Select No from greater than 250kw of electricity? radiogroup ** successfully completed with end event 'Action completed'    [MsgId: MMSG-205180]	[MsgId: MMSG-205180]
t=13801713ms: ** 181: Click on For optional employee...  ** started    [MsgId: MMSG-205180]	[MsgId: MMSG-205180]
t=13801791ms: ** 181: Click on For optional employee...  ** successfully completed with end event 'Action completed'    [MsgId: MMSG-205180]	[MsgId: MMSG-205180]
Notify: Transaction "Orchid_001_New_Submission - 22 - Click Save on Optional Coverages Screen" started.	[MsgId: MMSG-16999]
t=13802306ms: ** 182: Click on Save button ** started    [MsgId: MMSG-205180]	[MsgId: MMSG-205180]
t=13804911ms: ** 182: Click on Save button ** successfully completed with end event 'Step synchronous network completed'    [MsgId: MMSG-205180]	[MsgId: MMSG-205180]
Notify: Transaction "Orchid_001_New_Submission - 22 - Click Save on Optional Coverages Screen" ended with a "Pass" status (Duration: 2.6070 Wasted Time: 0.2020).	[MsgId: MMSG-16871]
Notify: Transaction "Orchid_001_New_Submission - 23 - Click Next on Optional Coverages Screen" started.	[MsgId: MMSG-16999]
t=13805426ms: ** 183: Click on > button ** started    [MsgId: MMSG-205180]	[MsgId: MMSG-205180]
t=13807438ms: ** 183: Click on > button ** successfully completed with end event 'Document Loaded'    [MsgId: MMSG-205180]	[MsgId: MMSG-205180]
Notify: Transaction "Orchid_001_New_Submission - 23 - Click Next on Optional Coverages Screen" ended with a "Pass" status (Duration: 2.0140 Wasted Time: 0.2120).	[MsgId: MMSG-16871]
t=13807969ms: ** 185: Select Contractor from Who performs snow and... listbox ** started    [MsgId: MMSG-205180]	[MsgId: MMSG-205180]
t=13807969ms: ** 185: Select Contractor from Who performs snow and... listbox ** successfully completed with end event 'Action completed'    [MsgId: MMSG-205180]	[MsgId: MMSG-205180]
t=13808499ms: ** 187: Click on YesYesNoNo radiogroup ** started    [MsgId: MMSG-205180]	[MsgId: MMSG-205180]
t=13808764ms: ** 187: Click on YesYesNoNo radiogroup ** successfully completed with end event 'Action completed'    [MsgId: MMSG-205180]	[MsgId: MMSG-205180]
Notify: Transaction "Orchid_001_New_Submission - 24 - Click Save on General Underwriting Questions" started.	[MsgId: MMSG-16999]
t=13809295ms: ** 189: Click on Save button ** started    [MsgId: MMSG-205180]	[MsgId: MMSG-205180]
t=13813210ms: ** 189: Click on Save button ** successfully completed with end event 'Step synchronous network completed'    [MsgId: MMSG-205180]	[MsgId: MMSG-205180]
Notify: Transaction "Orchid_001_New_Submission - 24 - Click Save on General Underwriting Questions" ended with a "Pass" status (Duration: 3.9100 Wasted Time: 0.2030).	[MsgId: MMSG-16871]
Notify: Transaction "Orchid_001_New_Submission - 25 - Click Next on General Underwriting Questions" started.	[MsgId: MMSG-16999]
t=13813725ms: ** 191: Click on > button ** started    [MsgId: MMSG-205180]	[MsgId: MMSG-205180]
t=13817438ms: ** 191: Click on > button ** successfully completed with end event 'Step synchronous network completed'    [MsgId: MMSG-205180]	[MsgId: MMSG-205180]
Notify: Transaction "Orchid_001_New_Submission - 25 - Click Next on General Underwriting Questions" ended with a "Pass" status (Duration: 3.7170 Wasted Time: 0.2020).	[MsgId: MMSG-16871]
t=13817968ms: ** 192: Click on Allow Agent to Request Bind checkbox ** started    [MsgId: MMSG-205180]	[MsgId: MMSG-205180]
t=13818124ms: ** 192: Click on Allow Agent to Request Bind checkbox ** successfully completed with end event 'Action completed'    [MsgId: MMSG-205180]	[MsgId: MMSG-205180]
t=13818670ms: ** 194: Click on 0.00 gridcell ** started    [MsgId: MMSG-205180]	[MsgId: MMSG-205180]
t=13818951ms: ** 194: Click on 0.00 gridcell ** successfully completed with end event 'Action completed'    [MsgId: MMSG-205180]	[MsgId: MMSG-205180]
Notify: Transaction "Orchid_001_New_Submission - 26 - Click Save on Quote Summary Screen" started.	[MsgId: MMSG-16999]
t=13819466ms: ** 196: Click on Save button ** started    [MsgId: MMSG-205180]	[MsgId: MMSG-205180]
t=13822492ms: ** 196: Click on Save button ** successfully completed with end event 'Step synchronous network completed'    [MsgId: MMSG-205180]	[MsgId: MMSG-205180]
Notify: Transaction "Orchid_001_New_Submission - 26 - Click Save on Quote Summary Screen" ended with a "Pass" status (Duration: 3.0290 Wasted Time: 0.2030).	[MsgId: MMSG-16871]
Notify: Transaction "Orchid_001_New_Submission - 27 - Click Next on Quote Summary Screen" started.	[MsgId: MMSG-16999]
t=13823007ms: ** 197: Click on > button ** started    [MsgId: MMSG-205180]	[MsgId: MMSG-205180]
t=13825472ms: ** 197: Click on > button ** successfully completed with end event 'Step synchronous network completed'    [MsgId: MMSG-205180]	[MsgId: MMSG-205180]
Notify: Transaction "Orchid_001_New_Submission - 27 - Click Next on Quote Summary Screen" ended with a "Pass" status (Duration: 2.4690 Wasted Time: 0.2020).	[MsgId: MMSG-16871]
t=13826003ms: ** 198: Click on Approval Notes * textbox ** started    [MsgId: MMSG-205180]	[MsgId: MMSG-205180]
t=13826237ms: ** 198: Click on Approval Notes * textbox ** successfully completed with end event 'Action completed'    [MsgId: MMSG-205180]	[MsgId: MMSG-205180]
t=13826767ms: ** 199: Type NA in Approval Notes * textbox ** started    [MsgId: MMSG-205180]	[MsgId: MMSG-205180]
t=13827313ms: ** 199: Type NA in Approval Notes * textbox ** successfully completed with end event 'Action completed'    [MsgId: MMSG-205180]	[MsgId: MMSG-205180]
t=13827875ms: ** 201: Select Bryan Schofield from Duplicate Submission... listbox ** started    [MsgId: MMSG-205180]	[MsgId: MMSG-205180]
t=13827953ms: ** 201: Select Bryan Schofield from Duplicate Submission... listbox ** successfully completed with end event 'Action completed'    [MsgId: MMSG-205180]	[MsgId: MMSG-205180]
Notify: Transaction "Orchid_001_New_Submission - 28 - Click Save on Referral Management Screen" started.	[MsgId: MMSG-16999]
t=13828467ms: ** 203: Click on Save button ** started    [MsgId: MMSG-205180]	[MsgId: MMSG-205180]
t=13830730ms: ** 203: Click on Save button ** successfully completed with end event 'Step synchronous network completed'    [MsgId: MMSG-205180]	[MsgId: MMSG-205180]
Notify: Transaction "Orchid_001_New_Submission - 28 - Click Save on Referral Management Screen" ended with a "Pass" status (Duration: 2.2760 Wasted Time: 0.2110).	[MsgId: MMSG-16871]
Notify: Transaction "Orchid_001_New_Submission - 29 - Click Next on Referral management Screen" started.	[MsgId: MMSG-16999]
t=13831245ms: ** 205: Click on > button ** started    [MsgId: MMSG-205180]	[MsgId: MMSG-205180]
t=13833398ms: ** 205: Click on > button ** successfully completed with end event 'Step synchronous network completed'    [MsgId: MMSG-205180]	[MsgId: MMSG-205180]
Notify: Transaction "Orchid_001_New_Submission - 29 - Click Next on Referral management Screen" ended with a "Pass" status (Duration: 2.1540 Wasted Time: 0.2030).	[MsgId: MMSG-16871]
Notify: Transaction "Orchid_001_New_Submission - 30 - Click on Issue Quote" started.	[MsgId: MMSG-16999]
t=13833913ms: ** 207: Click on Issue Quote  ** started    [MsgId: MMSG-205180]	[MsgId: MMSG-205180]
t=13837439ms: ** 207: Click on Issue Quote  ** successfully completed with end event 'Step synchronous network completed'    [MsgId: MMSG-205180]	[MsgId: MMSG-205180]
Notify: Transaction "Orchid_001_New_Submission - 30 - Click on Issue Quote" ended with a "Pass" status (Duration: 3.5310).	[MsgId: MMSG-16873]
t=13837953ms: ** 208: Click on GENERAL INFORMATION  ** started    [MsgId: MMSG-205180]	[MsgId: MMSG-205180]
t=13838203ms: ** 208: Click on GENERAL INFORMATION  ** successfully completed with end event 'Step synchronous network completed'    [MsgId: MMSG-205180]	[MsgId: MMSG-205180]
t=13838749ms: ** 209: Click on Eligibility and Coverage link ** started    [MsgId: MMSG-205180]	[MsgId: MMSG-205180]
t=13841042ms: ** 209: Click on Eligibility and Coverage link ** successfully completed with end event 'Step synchronous network completed'    [MsgId: MMSG-205180]	[MsgId: MMSG-205180]
t=13841573ms: ** 222: Select Officer from listbox (15) listbox ** started    [MsgId: MMSG-205180]	[MsgId: MMSG-205180]
t=13841666ms: ** 222: Select Officer from listbox (15) listbox ** successfully completed with end event 'Action completed'    [MsgId: MMSG-205180]	[MsgId: MMSG-205180]
t=13842228ms: ** 224: Click on Contact Name textbox ** started    [MsgId: MMSG-205180]	[MsgId: MMSG-205180]
t=13842493ms: ** 224: Click on Contact Name textbox ** successfully completed with end event 'Action completed'    [MsgId: MMSG-205180]	[MsgId: MMSG-205180]
t=13843023ms: ** 225: Type Perf user in Contact Name textbox ** started    [MsgId: MMSG-205180]	[MsgId: MMSG-205180]
t=13845894ms: ** 225: Type Perf user in Contact Name textbox ** successfully completed with end event 'Action completed'    [MsgId: MMSG-205180]	[MsgId: MMSG-205180]
t=13846424ms: ** 226: Click on textbox (3) textbox ** started    [MsgId: MMSG-205180]	[MsgId: MMSG-205180]
t=13846768ms: ** 226: Click on textbox (3) textbox ** successfully completed with end event 'Action completed'    [MsgId: MMSG-205180]	[MsgId: MMSG-205180]
t=13847314ms: ** 227: Type 5140000000 in textbox (3) textbox ** started    [MsgId: MMSG-205180]	[MsgId: MMSG-205180]
t=13850028ms: ** 227: Type 5140000000 in textbox (3) textbox ** successfully completed with end event 'Action completed'    [MsgId: MMSG-205180]	[MsgId: MMSG-205180]
t=13850574ms: ** 230: Click on Contact Email * textbox ** started    [MsgId: MMSG-205180]	[MsgId: MMSG-205180]
t=13850839ms: ** 230: Click on Contact Email * textbox ** successfully completed with end event 'Action completed'    [MsgId: MMSG-205180]	[MsgId: MMSG-205180]
t=13851370ms: ** 231: Type perfuser1@oceanwide.com in Contact Email * textbox ** started    [MsgId: MMSG-205180]	[MsgId: MMSG-205180]
t=13859014ms: ** 231: Type perfuser1@oceanwide.com in Contact Email * textbox ** successfully completed with end event 'Action completed'    [MsgId: MMSG-205180]	[MsgId: MMSG-205180]
Notify: Transaction "Orchid_001_New_Submission - 31 - Click Save on Eligibility and Coverage Screen" started.	[MsgId: MMSG-16999]
t=13859529ms: ** 232: Click on Save button ** started    [MsgId: MMSG-205180]	[MsgId: MMSG-205180]
t=13863538ms: ** 232: Click on Save button ** successfully completed with end event 'Step synchronous network completed'    [MsgId: MMSG-205180]	[MsgId: MMSG-205180]
Notify: Transaction "Orchid_001_New_Submission - 31 - Click Save on Eligibility and Coverage Screen" ended with a "Pass" status (Duration: 4.0120 Wasted Time: 0.2020).	[MsgId: MMSG-16871]
Notify: Transaction "Orchid_001_New_Submission - 32 - Click Bind" started.	[MsgId: MMSG-16999]
t=13864053ms: ** 234: Click on Bind button ** started    [MsgId: MMSG-205180]	[MsgId: MMSG-205180]
t=13867017ms: ** 234: Click on Bind button ** successfully completed with end event 'Step synchronous network completed'    [MsgId: MMSG-205180]	[MsgId: MMSG-205180]
Notify: Transaction "Orchid_001_New_Submission - 32 - Click Bind" ended with a "Pass" status (Duration: 2.9660 Wasted Time: 0.2030).	[MsgId: MMSG-16871]
t=13867547ms: ** 235: Click on Performance Test User 1  ** started    [MsgId: MMSG-205180]	[MsgId: MMSG-205180]
t=13867781ms: ** 235: Click on Performance Test User 1  ** successfully completed with end event 'Action completed'    [MsgId: MMSG-205180]	[MsgId: MMSG-205180]
Notify: Transaction "Orchid_001_New_Submission - 33 - Click Log off" started.	[MsgId: MMSG-16999]
t=13868296ms: ** 237: Click on Log Off link ** started    [MsgId: MMSG-205180]	[MsgId: MMSG-205180]
t=13868358ms: ** 237: Click on Log Off link ** successfully completed with end event 'Action completed'    [MsgId: MMSG-205180]	[MsgId: MMSG-205180]
Notify: Transaction "Orchid_001_New_Submission - 33 - Click Log off" ended with a "Pass" status (Duration: 0.0690 Wasted Time: 0.0020).	[MsgId: MMSG-16871]
Action was aborted.	[MsgId: MMSG-10694]
Ending Vuser...	[MsgId: MMSG-205066]
Vuser Terminated.	[MsgId: MMSG-205063]
Vuser 3 (thread 1992), ended OK."	[MsgId: MMSG-10695]
